{"/home/ubuntu/TaxEasyZA2025_Fixed_Production_Ready/TaxEasy_ZA_2025_POPIA_Compliant/public/js/app.js": {"path":"/home/ubuntu/TaxEasyZA2025_Fixed_Production_Ready/TaxEasy_ZA_2025_POPIA_Compliant/public/js/app.js","statementMap":{"0":{"start":{"line":9,"column":4},"end":{"line":17,"column":6}},"1":{"start":{"line":19,"column":4},"end":{"line":23,"column":6}},"2":{"start":{"line":25,"column":4},"end":{"line":29,"column":6}},"3":{"start":{"line":31,"column":4},"end":{"line":34,"column":6}},"4":{"start":{"line":43,"column":8},"end":{"line":43,"column":18}},"5":{"start":{"line":45,"column":25},"end":{"line":45,"column":85}},"6":{"start":{"line":46,"column":20},"end":{"line":46,"column":53}},"7":{"start":{"line":48,"column":4},"end":{"line":57,"column":5}},"8":{"start":{"line":49,"column":6},"end":{"line":56,"column":8}},"9":{"start":{"line":59,"column":14},"end":{"line":59,"column":15}},"10":{"start":{"line":60,"column":20},"end":{"line":60,"column":27}},"11":{"start":{"line":61,"column":22},"end":{"line":61,"column":24}},"12":{"start":{"line":63,"column":4},"end":{"line":75,"column":5}},"13":{"start":{"line":64,"column":6},"end":{"line":64,"column":32}},"14":{"start":{"line":64,"column":26},"end":{"line":64,"column":32}},"15":{"start":{"line":65,"column":31},"end":{"line":65,"column":69}},"16":{"start":{"line":66,"column":25},"end":{"line":66,"column":50}},"17":{"start":{"line":67,"column":6},"end":{"line":67,"column":24}},"18":{"start":{"line":68,"column":6},"end":{"line":68,"column":36}},"19":{"start":{"line":70,"column":6},"end":{"line":74,"column":9}},"20":{"start":{"line":77,"column":18},"end":{"line":77,"column":38}},"21":{"start":{"line":78,"column":4},"end":{"line":78,"column":59}},"22":{"start":{"line":78,"column":25},"end":{"line":78,"column":59}},"23":{"start":{"line":79,"column":4},"end":{"line":79,"column":81}},"24":{"start":{"line":79,"column":23},"end":{"line":79,"column":81}},"25":{"start":{"line":81,"column":23},"end":{"line":82,"column":74}},"26":{"start":{"line":84,"column":28},"end":{"line":84,"column":54}},"27":{"start":{"line":85,"column":21},"end":{"line":85,"column":62}},"28":{"start":{"line":87,"column":4},"end":{"line":94,"column":6}},"29":{"start":{"line":101,"column":14},"end":{"line":142,"column":1}},"30":{"start":{"line":147,"column":18},"end":{"line":147,"column":54}},"31":{"start":{"line":148,"column":18},"end":{"line":148,"column":41}},"32":{"start":{"line":152,"column":2},"end":{"line":161,"column":3}},"33":{"start":{"line":153,"column":20},"end":{"line":153,"column":52}},"34":{"start":{"line":154,"column":4},"end":{"line":154,"column":24}},"35":{"start":{"line":155,"column":4},"end":{"line":159,"column":62}},"36":{"start":{"line":160,"column":4},"end":{"line":160,"column":35}},"37":{"start":{"line":165,"column":2},"end":{"line":168,"column":5}},"38":{"start":{"line":166,"column":15},"end":{"line":166,"column":60}},"39":{"start":{"line":167,"column":4},"end":{"line":167,"column":33}},"40":{"start":{"line":167,"column":12},"end":{"line":167,"column":33}},"41":{"start":{"line":172,"column":17},"end":{"line":172,"column":74}},"42":{"start":{"line":173,"column":13},"end":{"line":173,"column":66}},"43":{"start":{"line":174,"column":14},"end":{"line":174,"column":64}},"44":{"start":{"line":176,"column":2},"end":{"line":179,"column":3}},"45":{"start":{"line":177,"column":4},"end":{"line":177,"column":82}},"46":{"start":{"line":178,"column":4},"end":{"line":178,"column":11}},"47":{"start":{"line":181,"column":17},"end":{"line":181,"column":79}},"48":{"start":{"line":182,"column":2},"end":{"line":182,"column":86}},"49":{"start":{"line":188,"column":0},"end":{"line":203,"column":3}},"50":{"start":{"line":189,"column":2},"end":{"line":189,"column":19}},"51":{"start":{"line":190,"column":2},"end":{"line":190,"column":16}},"52":{"start":{"line":191,"column":2},"end":{"line":191,"column":19}},"53":{"start":{"line":193,"column":2},"end":{"line":198,"column":5}},"54":{"start":{"line":194,"column":4},"end":{"line":194,"column":33}},"55":{"start":{"line":195,"column":4},"end":{"line":195,"column":46}},"56":{"start":{"line":196,"column":4},"end":{"line":196,"column":18}},"57":{"start":{"line":197,"column":4},"end":{"line":197,"column":21}},"58":{"start":{"line":200,"column":2},"end":{"line":202,"column":4}},"59":{"start":{"line":201,"column":4},"end":{"line":201,"column":48}}},"fnMap":{"0":{"name":"(anonymous_0)","decl":{"start":{"line":7,"column":2},"end":{"line":7,"column":3}},"loc":{"start":{"line":7,"column":16},"end":{"line":35,"column":3}},"line":7},"1":{"name":"(anonymous_1)","decl":{"start":{"line":37,"column":2},"end":{"line":37,"column":3}},"loc":{"start":{"line":37,"column":56},"end":{"line":95,"column":3}},"line":37},"2":{"name":"ensureElements","decl":{"start":{"line":151,"column":9},"end":{"line":151,"column":23}},"loc":{"start":{"line":151,"column":26},"end":{"line":162,"column":1}},"line":151},"3":{"name":"updateTexts","decl":{"start":{"line":164,"column":9},"end":{"line":164,"column":20}},"loc":{"start":{"line":164,"column":23},"end":{"line":169,"column":1}},"line":164},"4":{"name":"(anonymous_4)","decl":{"start":{"line":165,"column":45},"end":{"line":165,"column":46}},"loc":{"start":{"line":165,"column":61},"end":{"line":168,"column":3}},"line":165},"5":{"name":"runCalculation","decl":{"start":{"line":171,"column":9},"end":{"line":171,"column":23}},"loc":{"start":{"line":171,"column":26},"end":{"line":183,"column":1}},"line":171},"6":{"name":"(anonymous_6)","decl":{"start":{"line":188,"column":46},"end":{"line":188,"column":47}},"loc":{"start":{"line":188,"column":52},"end":{"line":203,"column":1}},"line":188},"7":{"name":"(anonymous_7)","decl":{"start":{"line":193,"column":62},"end":{"line":193,"column":63}},"loc":{"start":{"line":193,"column":69},"end":{"line":198,"column":3}},"line":193},"8":{"name":"(anonymous_8)","decl":{"start":{"line":200,"column":58},"end":{"line":200,"column":59}},"loc":{"start":{"line":201,"column":4},"end":{"line":201,"column":48}},"line":201}},"branchMap":{"0":{"loc":{"start":{"line":37,"column":22},"end":{"line":37,"column":37}},"type":"default-arg","locations":[{"start":{"line":37,"column":28},"end":{"line":37,"column":37}}],"line":37},"1":{"loc":{"start":{"line":37,"column":39},"end":{"line":37,"column":54}},"type":"default-arg","locations":[{"start":{"line":37,"column":52},"end":{"line":37,"column":54}}],"line":37},"2":{"loc":{"start":{"line":39,"column":6},"end":{"line":39,"column":27}},"type":"default-arg","locations":[{"start":{"line":39,"column":26},"end":{"line":39,"column":27}}],"line":39},"3":{"loc":{"start":{"line":40,"column":6},"end":{"line":40,"column":20}},"type":"default-arg","locations":[{"start":{"line":40,"column":19},"end":{"line":40,"column":20}}],"line":40},"4":{"loc":{"start":{"line":41,"column":6},"end":{"line":41,"column":24}},"type":"default-arg","locations":[{"start":{"line":41,"column":23},"end":{"line":41,"column":24}}],"line":41},"5":{"loc":{"start":{"line":42,"column":6},"end":{"line":42,"column":27}},"type":"default-arg","locations":[{"start":{"line":42,"column":26},"end":{"line":42,"column":27}}],"line":42},"6":{"loc":{"start":{"line":48,"column":4},"end":{"line":57,"column":5}},"type":"if","locations":[{"start":{"line":48,"column":4},"end":{"line":57,"column":5}},{"start":{},"end":{}}],"line":48},"7":{"loc":{"start":{"line":64,"column":6},"end":{"line":64,"column":32}},"type":"if","locations":[{"start":{"line":64,"column":6},"end":{"line":64,"column":32}},{"start":{},"end":{}}],"line":64},"8":{"loc":{"start":{"line":71,"column":48},"end":{"line":71,"column":97}},"type":"cond-expr","locations":[{"start":{"line":71,"column":69},"end":{"line":71,"column":72}},{"start":{"line":71,"column":75},"end":{"line":71,"column":97}}],"line":71},"9":{"loc":{"start":{"line":78,"column":4},"end":{"line":78,"column":59}},"type":"if","locations":[{"start":{"line":78,"column":4},"end":{"line":78,"column":59}},{"start":{},"end":{}}],"line":78},"10":{"loc":{"start":{"line":79,"column":4},"end":{"line":79,"column":81}},"type":"if","locations":[{"start":{"line":79,"column":4},"end":{"line":79,"column":81}},{"start":{},"end":{}}],"line":79},"11":{"loc":{"start":{"line":147,"column":18},"end":{"line":147,"column":54}},"type":"binary-expr","locations":[{"start":{"line":147,"column":18},"end":{"line":147,"column":46}},{"start":{"line":147,"column":50},"end":{"line":147,"column":54}}],"line":147},"12":{"loc":{"start":{"line":152,"column":2},"end":{"line":161,"column":3}},"type":"if","locations":[{"start":{"line":152,"column":2},"end":{"line":161,"column":3}},{"start":{},"end":{}}],"line":152},"13":{"loc":{"start":{"line":167,"column":4},"end":{"line":167,"column":33}},"type":"if","locations":[{"start":{"line":167,"column":4},"end":{"line":167,"column":33}},{"start":{},"end":{}}],"line":167},"14":{"loc":{"start":{"line":172,"column":28},"end":{"line":172,"column":73}},"type":"binary-expr","locations":[{"start":{"line":172,"column":28},"end":{"line":172,"column":68}},{"start":{"line":172,"column":72},"end":{"line":172,"column":73}}],"line":172},"15":{"loc":{"start":{"line":173,"column":24},"end":{"line":173,"column":65}},"type":"binary-expr","locations":[{"start":{"line":173,"column":24},"end":{"line":173,"column":60}},{"start":{"line":173,"column":64},"end":{"line":173,"column":65}}],"line":173},"16":{"loc":{"start":{"line":174,"column":14},"end":{"line":174,"column":64}},"type":"binary-expr","locations":[{"start":{"line":174,"column":14},"end":{"line":174,"column":51}},{"start":{"line":174,"column":55},"end":{"line":174,"column":64}}],"line":174},"17":{"loc":{"start":{"line":176,"column":2},"end":{"line":179,"column":3}},"type":"if","locations":[{"start":{"line":176,"column":2},"end":{"line":179,"column":3}},{"start":{},"end":{}}],"line":176},"18":{"loc":{"start":{"line":176,"column":6},"end":{"line":176,"column":33}},"type":"binary-expr","locations":[{"start":{"line":176,"column":6},"end":{"line":176,"column":19}},{"start":{"line":176,"column":23},"end":{"line":176,"column":33}}],"line":176}},"s":{"0":0,"1":0,"2":0,"3":0,"4":0,"5":0,"6":0,"7":0,"8":0,"9":0,"10":0,"11":0,"12":0,"13":0,"14":0,"15":0,"16":0,"17":0,"18":0,"19":0,"20":0,"21":0,"22":0,"23":0,"24":0,"25":0,"26":0,"27":0,"28":0,"29":0,"30":0,"31":0,"32":0,"33":0,"34":0,"35":0,"36":0,"37":0,"38":0,"39":0,"40":0,"41":0,"42":0,"43":0,"44":0,"45":0,"46":0,"47":0,"48":0,"49":0,"50":0,"51":0,"52":0,"53":0,"54":0,"55":0,"56":0,"57":0,"58":0,"59":0},"f":{"0":0,"1":0,"2":0,"3":0,"4":0,"5":0,"6":0,"7":0,"8":0},"b":{"0":[0],"1":[0],"2":[0],"3":[0],"4":[0],"5":[0],"6":[0,0],"7":[0,0],"8":[0,0],"9":[0,0],"10":[0,0],"11":[0,0],"12":[0,0],"13":[0,0],"14":[0,0],"15":[0,0],"16":[0,0],"17":[0,0],"18":[0,0]}}
,"/home/ubuntu/TaxEasyZA2025_Fixed_Production_Ready/TaxEasy_ZA_2025_POPIA_Compliant/public/js/client-pdf-generator.js": {"path":"/home/ubuntu/TaxEasyZA2025_Fixed_Production_Ready/TaxEasy_ZA_2025_POPIA_Compliant/public/js/client-pdf-generator.js","statementMap":{"0":{"start":{"line":7,"column":8},"end":{"line":7,"column":33}},"1":{"start":{"line":8,"column":8},"end":{"line":8,"column":28}},"2":{"start":{"line":9,"column":8},"end":{"line":9,"column":24}},"3":{"start":{"line":10,"column":8},"end":{"line":10,"column":26}},"4":{"start":{"line":14,"column":8},"end":{"line":14,"column":37}},"5":{"start":{"line":14,"column":30},"end":{"line":14,"column":37}},"6":{"start":{"line":16,"column":8},"end":{"line":28,"column":9}},"7":{"start":{"line":18,"column":12},"end":{"line":20,"column":13}},"8":{"start":{"line":19,"column":16},"end":{"line":19,"column":62}},"9":{"start":{"line":22,"column":12},"end":{"line":22,"column":35}},"10":{"start":{"line":23,"column":12},"end":{"line":23,"column":36}},"11":{"start":{"line":24,"column":12},"end":{"line":24,"column":74}},"12":{"start":{"line":26,"column":12},"end":{"line":26,"column":72}},"13":{"start":{"line":27,"column":12},"end":{"line":27,"column":24}},"14":{"start":{"line":32,"column":8},"end":{"line":32,"column":72}},"15":{"start":{"line":32,"column":57},"end":{"line":32,"column":72}},"16":{"start":{"line":33,"column":8},"end":{"line":38,"column":46}},"17":{"start":{"line":42,"column":8},"end":{"line":42,"column":68}},"18":{"start":{"line":42,"column":53},"end":{"line":42,"column":68}},"19":{"start":{"line":43,"column":8},"end":{"line":43,"column":37}},"20":{"start":{"line":47,"column":8},"end":{"line":51,"column":11}},"21":{"start":{"line":55,"column":28},"end":{"line":55,"column":38}},"22":{"start":{"line":56,"column":24},"end":{"line":56,"column":49}},"23":{"start":{"line":58,"column":8},"end":{"line":309,"column":10}},"24":{"start":{"line":80,"column":16},"end":{"line":95,"column":18}},"25":{"start":{"line":313,"column":24},"end":{"line":313,"column":26}},"26":{"start":{"line":316,"column":8},"end":{"line":347,"column":9}},"27":{"start":{"line":317,"column":12},"end":{"line":346,"column":14}},"28":{"start":{"line":335,"column":71},"end":{"line":340,"column":29}},"29":{"start":{"line":350,"column":8},"end":{"line":379,"column":9}},"30":{"start":{"line":351,"column":12},"end":{"line":378,"column":14}},"31":{"start":{"line":382,"column":8},"end":{"line":407,"column":9}},"32":{"start":{"line":383,"column":12},"end":{"line":406,"column":14}},"33":{"start":{"line":409,"column":8},"end":{"line":409,"column":23}},"34":{"start":{"line":413,"column":29},"end":{"line":417,"column":9}},"35":{"start":{"line":418,"column":8},"end":{"line":418,"column":57}},"36":{"start":{"line":422,"column":8},"end":{"line":437,"column":9}},"37":{"start":{"line":423,"column":12},"end":{"line":423,"column":36}},"38":{"start":{"line":425,"column":34},"end":{"line":425,"column":94}},"39":{"start":{"line":426,"column":29},"end":{"line":426,"column":107}},"40":{"start":{"line":429,"column":12},"end":{"line":429,"column":69}},"41":{"start":{"line":431,"column":12},"end":{"line":431,"column":74}},"42":{"start":{"line":432,"column":12},"end":{"line":432,"column":47}},"43":{"start":{"line":435,"column":12},"end":{"line":435,"column":58}},"44":{"start":{"line":436,"column":12},"end":{"line":436,"column":79}},"45":{"start":{"line":441,"column":8},"end":{"line":455,"column":9}},"46":{"start":{"line":442,"column":12},"end":{"line":442,"column":36}},"47":{"start":{"line":444,"column":34},"end":{"line":444,"column":94}},"48":{"start":{"line":447,"column":12},"end":{"line":447,"column":57}},"49":{"start":{"line":449,"column":12},"end":{"line":449,"column":59}},"50":{"start":{"line":450,"column":12},"end":{"line":450,"column":37}},"51":{"start":{"line":453,"column":12},"end":{"line":453,"column":58}},"52":{"start":{"line":454,"column":12},"end":{"line":454,"column":78}},"53":{"start":{"line":460,"column":0},"end":{"line":460,"column":49}},"54":{"start":{"line":463,"column":0},"end":{"line":471,"column":2}},"55":{"start":{"line":464,"column":4},"end":{"line":470,"column":5}},"56":{"start":{"line":465,"column":26},"end":{"line":465,"column":51}},"57":{"start":{"line":466,"column":8},"end":{"line":466,"column":74}},"58":{"start":{"line":468,"column":8},"end":{"line":468,"column":70}},"59":{"start":{"line":469,"column":8},"end":{"line":469,"column":20}},"60":{"start":{"line":474,"column":0},"end":{"line":482,"column":2}},"61":{"start":{"line":475,"column":4},"end":{"line":481,"column":5}},"62":{"start":{"line":476,"column":26},"end":{"line":476,"column":51}},"63":{"start":{"line":477,"column":8},"end":{"line":477,"column":73}},"64":{"start":{"line":479,"column":8},"end":{"line":479,"column":69}},"65":{"start":{"line":480,"column":8},"end":{"line":480,"column":20}},"66":{"start":{"line":484,"column":0},"end":{"line":484,"column":69}}},"fnMap":{"0":{"name":"(anonymous_0)","decl":{"start":{"line":6,"column":4},"end":{"line":6,"column":5}},"loc":{"start":{"line":6,"column":18},"end":{"line":11,"column":5}},"line":6},"1":{"name":"(anonymous_1)","decl":{"start":{"line":13,"column":4},"end":{"line":13,"column":5}},"loc":{"start":{"line":13,"column":23},"end":{"line":29,"column":5}},"line":13},"2":{"name":"(anonymous_2)","decl":{"start":{"line":31,"column":4},"end":{"line":31,"column":5}},"loc":{"start":{"line":31,"column":27},"end":{"line":39,"column":5}},"line":31},"3":{"name":"(anonymous_3)","decl":{"start":{"line":41,"column":4},"end":{"line":41,"column":5}},"loc":{"start":{"line":41,"column":27},"end":{"line":44,"column":5}},"line":41},"4":{"name":"(anonymous_4)","decl":{"start":{"line":46,"column":4},"end":{"line":46,"column":5}},"loc":{"start":{"line":46,"column":34},"end":{"line":52,"column":5}},"line":46},"5":{"name":"(anonymous_5)","decl":{"start":{"line":54,"column":4},"end":{"line":54,"column":5}},"loc":{"start":{"line":54,"column":75},"end":{"line":310,"column":5}},"line":54},"6":{"name":"(anonymous_6)","decl":{"start":{"line":79,"column":20},"end":{"line":79,"column":21}},"loc":{"start":{"line":79,"column":53},"end":{"line":96,"column":13}},"line":79},"7":{"name":"(anonymous_7)","decl":{"start":{"line":312,"column":4},"end":{"line":312,"column":5}},"loc":{"start":{"line":312,"column":44},"end":{"line":410,"column":5}},"line":312},"8":{"name":"(anonymous_8)","decl":{"start":{"line":335,"column":60},"end":{"line":335,"column":61}},"loc":{"start":{"line":335,"column":71},"end":{"line":340,"column":29}},"line":335},"9":{"name":"(anonymous_9)","decl":{"start":{"line":412,"column":4},"end":{"line":412,"column":5}},"loc":{"start":{"line":412,"column":37},"end":{"line":419,"column":5}},"line":412},"10":{"name":"(anonymous_10)","decl":{"start":{"line":421,"column":4},"end":{"line":421,"column":5}},"loc":{"start":{"line":421,"column":68},"end":{"line":438,"column":5}},"line":421},"11":{"name":"(anonymous_11)","decl":{"start":{"line":440,"column":4},"end":{"line":440,"column":5}},"loc":{"start":{"line":440,"column":67},"end":{"line":456,"column":5}},"line":440},"12":{"name":"(anonymous_12)","decl":{"start":{"line":463,"column":37},"end":{"line":463,"column":38}},"loc":{"start":{"line":463,"column":98},"end":{"line":471,"column":1}},"line":463},"13":{"name":"(anonymous_13)","decl":{"start":{"line":474,"column":36},"end":{"line":474,"column":37}},"loc":{"start":{"line":474,"column":97},"end":{"line":482,"column":1}},"line":474}},"branchMap":{"0":{"loc":{"start":{"line":14,"column":8},"end":{"line":14,"column":37}},"type":"if","locations":[{"start":{"line":14,"column":8},"end":{"line":14,"column":37}},{"start":{},"end":{}}],"line":14},"1":{"loc":{"start":{"line":18,"column":12},"end":{"line":20,"column":13}},"type":"if","locations":[{"start":{"line":18,"column":12},"end":{"line":20,"column":13}},{"start":{},"end":{}}],"line":18},"2":{"loc":{"start":{"line":32,"column":8},"end":{"line":32,"column":72}},"type":"if","locations":[{"start":{"line":32,"column":8},"end":{"line":32,"column":72}},{"start":{},"end":{}}],"line":32},"3":{"loc":{"start":{"line":32,"column":12},"end":{"line":32,"column":55}},"type":"binary-expr","locations":[{"start":{"line":32,"column":12},"end":{"line":32,"column":38}},{"start":{"line":32,"column":42},"end":{"line":32,"column":55}}],"line":32},"4":{"loc":{"start":{"line":42,"column":8},"end":{"line":42,"column":68}},"type":"if","locations":[{"start":{"line":42,"column":8},"end":{"line":42,"column":68}},{"start":{},"end":{}}],"line":42},"5":{"loc":{"start":{"line":42,"column":12},"end":{"line":42,"column":51}},"type":"binary-expr","locations":[{"start":{"line":42,"column":12},"end":{"line":42,"column":36}},{"start":{"line":42,"column":40},"end":{"line":42,"column":51}}],"line":42},"6":{"loc":{"start":{"line":46,"column":15},"end":{"line":46,"column":32}},"type":"default-arg","locations":[{"start":{"line":46,"column":22},"end":{"line":46,"column":32}}],"line":46},"7":{"loc":{"start":{"line":54,"column":38},"end":{"line":54,"column":51}},"type":"default-arg","locations":[{"start":{"line":54,"column":49},"end":{"line":54,"column":51}}],"line":54},"8":{"loc":{"start":{"line":54,"column":53},"end":{"line":54,"column":73}},"type":"default-arg","locations":[{"start":{"line":54,"column":66},"end":{"line":54,"column":73}}],"line":54},"9":{"loc":{"start":{"line":56,"column":24},"end":{"line":56,"column":49}},"type":"binary-expr","locations":[{"start":{"line":56,"column":24},"end":{"line":56,"column":39}},{"start":{"line":56,"column":43},"end":{"line":56,"column":49}}],"line":56},"10":{"loc":{"start":{"line":123,"column":43},"end":{"line":123,"column":78}},"type":"binary-expr","locations":[{"start":{"line":123,"column":43},"end":{"line":123,"column":60}},{"start":{"line":123,"column":64},"end":{"line":123,"column":78}}],"line":123},"11":{"loc":{"start":{"line":124,"column":52},"end":{"line":124,"column":87}},"type":"binary-expr","locations":[{"start":{"line":124,"column":52},"end":{"line":124,"column":69}},{"start":{"line":124,"column":73},"end":{"line":124,"column":87}}],"line":124},"12":{"loc":{"start":{"line":126,"column":44},"end":{"line":126,"column":82}},"type":"binary-expr","locations":[{"start":{"line":126,"column":44},"end":{"line":126,"column":63}},{"start":{"line":126,"column":67},"end":{"line":126,"column":82}}],"line":126},"13":{"loc":{"start":{"line":127,"column":54},"end":{"line":127,"column":90}},"type":"binary-expr","locations":[{"start":{"line":127,"column":54},"end":{"line":127,"column":72}},{"start":{"line":127,"column":76},"end":{"line":127,"column":90}}],"line":127},"14":{"loc":{"start":{"line":150,"column":60},"end":{"line":150,"column":90}},"type":"binary-expr","locations":[{"start":{"line":150,"column":60},"end":{"line":150,"column":85}},{"start":{"line":150,"column":89},"end":{"line":150,"column":90}}],"line":150},"15":{"loc":{"start":{"line":158,"column":60},"end":{"line":158,"column":89}},"type":"binary-expr","locations":[{"start":{"line":158,"column":60},"end":{"line":158,"column":84}},{"start":{"line":158,"column":88},"end":{"line":158,"column":89}}],"line":158},"16":{"loc":{"start":{"line":162,"column":60},"end":{"line":162,"column":97}},"type":"binary-expr","locations":[{"start":{"line":162,"column":60},"end":{"line":162,"column":92}},{"start":{"line":162,"column":96},"end":{"line":162,"column":97}}],"line":162},"17":{"loc":{"start":{"line":194,"column":62},"end":{"line":194,"column":88}},"type":"binary-expr","locations":[{"start":{"line":194,"column":62},"end":{"line":194,"column":83}},{"start":{"line":194,"column":87},"end":{"line":194,"column":88}}],"line":194},"18":{"loc":{"start":{"line":198,"column":62},"end":{"line":198,"column":87}},"type":"binary-expr","locations":[{"start":{"line":198,"column":62},"end":{"line":198,"column":82}},{"start":{"line":198,"column":86},"end":{"line":198,"column":87}}],"line":198},"19":{"loc":{"start":{"line":207,"column":20},"end":{"line":207,"column":94}},"type":"cond-expr","locations":[{"start":{"line":207,"column":45},"end":{"line":207,"column":89}},{"start":{"line":207,"column":92},"end":{"line":207,"column":94}}],"line":207},"20":{"loc":{"start":{"line":316,"column":8},"end":{"line":347,"column":9}},"type":"if","locations":[{"start":{"line":316,"column":8},"end":{"line":347,"column":9}},{"start":{},"end":{}}],"line":316},"21":{"loc":{"start":{"line":316,"column":12},"end":{"line":316,"column":75}},"type":"binary-expr","locations":[{"start":{"line":316,"column":12},"end":{"line":316,"column":36}},{"start":{"line":316,"column":40},"end":{"line":316,"column":75}}],"line":316},"22":{"loc":{"start":{"line":350,"column":8},"end":{"line":379,"column":9}},"type":"if","locations":[{"start":{"line":350,"column":8},"end":{"line":379,"column":9}},{"start":{},"end":{}}],"line":350},"23":{"loc":{"start":{"line":363,"column":60},"end":{"line":363,"column":94}},"type":"binary-expr","locations":[{"start":{"line":363,"column":60},"end":{"line":363,"column":89}},{"start":{"line":363,"column":93},"end":{"line":363,"column":94}}],"line":363},"24":{"loc":{"start":{"line":367,"column":60},"end":{"line":367,"column":91}},"type":"binary-expr","locations":[{"start":{"line":367,"column":60},"end":{"line":367,"column":86}},{"start":{"line":367,"column":90},"end":{"line":367,"column":91}}],"line":367},"25":{"loc":{"start":{"line":371,"column":60},"end":{"line":371,"column":89}},"type":"binary-expr","locations":[{"start":{"line":371,"column":60},"end":{"line":371,"column":84}},{"start":{"line":371,"column":88},"end":{"line":371,"column":89}}],"line":371},"26":{"loc":{"start":{"line":382,"column":8},"end":{"line":407,"column":9}},"type":"if","locations":[{"start":{"line":382,"column":8},"end":{"line":407,"column":9}},{"start":{},"end":{}}],"line":382},"27":{"loc":{"start":{"line":395,"column":60},"end":{"line":395,"column":98}},"type":"binary-expr","locations":[{"start":{"line":395,"column":60},"end":{"line":395,"column":93}},{"start":{"line":395,"column":97},"end":{"line":395,"column":98}}],"line":395},"28":{"loc":{"start":{"line":399,"column":60},"end":{"line":399,"column":105}},"type":"binary-expr","locations":[{"start":{"line":399,"column":60},"end":{"line":399,"column":100}},{"start":{"line":399,"column":104},"end":{"line":399,"column":105}}],"line":399},"29":{"loc":{"start":{"line":418,"column":15},"end":{"line":418,"column":56}},"type":"binary-expr","locations":[{"start":{"line":418,"column":15},"end":{"line":418,"column":37}},{"start":{"line":418,"column":41},"end":{"line":418,"column":56}}],"line":418},"30":{"loc":{"start":{"line":421,"column":31},"end":{"line":421,"column":44}},"type":"default-arg","locations":[{"start":{"line":421,"column":42},"end":{"line":421,"column":44}}],"line":421},"31":{"loc":{"start":{"line":421,"column":46},"end":{"line":421,"column":66}},"type":"default-arg","locations":[{"start":{"line":421,"column":59},"end":{"line":421,"column":66}}],"line":421},"32":{"loc":{"start":{"line":440,"column":30},"end":{"line":440,"column":43}},"type":"default-arg","locations":[{"start":{"line":440,"column":41},"end":{"line":440,"column":43}}],"line":440},"33":{"loc":{"start":{"line":440,"column":45},"end":{"line":440,"column":65}},"type":"default-arg","locations":[{"start":{"line":440,"column":58},"end":{"line":440,"column":65}}],"line":440},"34":{"loc":{"start":{"line":463,"column":61},"end":{"line":463,"column":81}},"type":"default-arg","locations":[{"start":{"line":463,"column":74},"end":{"line":463,"column":81}}],"line":463},"35":{"loc":{"start":{"line":463,"column":83},"end":{"line":463,"column":96}},"type":"default-arg","locations":[{"start":{"line":463,"column":94},"end":{"line":463,"column":96}}],"line":463},"36":{"loc":{"start":{"line":474,"column":60},"end":{"line":474,"column":80}},"type":"default-arg","locations":[{"start":{"line":474,"column":73},"end":{"line":474,"column":80}}],"line":474},"37":{"loc":{"start":{"line":474,"column":82},"end":{"line":474,"column":95}},"type":"default-arg","locations":[{"start":{"line":474,"column":93},"end":{"line":474,"column":95}}],"line":474}},"s":{"0":0,"1":0,"2":0,"3":0,"4":0,"5":0,"6":0,"7":0,"8":0,"9":0,"10":0,"11":0,"12":0,"13":0,"14":0,"15":0,"16":0,"17":0,"18":0,"19":0,"20":0,"21":0,"22":0,"23":0,"24":0,"25":0,"26":0,"27":0,"28":0,"29":0,"30":0,"31":0,"32":0,"33":0,"34":0,"35":0,"36":0,"37":0,"38":0,"39":0,"40":0,"41":0,"42":0,"43":0,"44":0,"45":0,"46":0,"47":0,"48":0,"49":0,"50":0,"51":0,"52":0,"53":0,"54":0,"55":0,"56":0,"57":0,"58":0,"59":0,"60":0,"61":0,"62":0,"63":0,"64":0,"65":0,"66":0},"f":{"0":0,"1":0,"2":0,"3":0,"4":0,"5":0,"6":0,"7":0,"8":0,"9":0,"10":0,"11":0,"12":0,"13":0},"b":{"0":[0,0],"1":[0,0],"2":[0,0],"3":[0,0],"4":[0,0],"5":[0,0],"6":[0],"7":[0],"8":[0],"9":[0,0],"10":[0,0],"11":[0,0],"12":[0,0],"13":[0,0],"14":[0,0],"15":[0,0],"16":[0,0],"17":[0,0],"18":[0,0],"19":[0,0],"20":[0,0],"21":[0,0],"22":[0,0],"23":[0,0],"24":[0,0],"25":[0,0],"26":[0,0],"27":[0,0],"28":[0,0],"29":[0,0],"30":[0],"31":[0],"32":[0],"33":[0],"34":[0],"35":[0],"36":[0],"37":[0]}}
,"/home/ubuntu/TaxEasyZA2025_Fixed_Production_Ready/TaxEasy_ZA_2025_POPIA_Compliant/public/js/config.js": {"path":"/home/ubuntu/TaxEasyZA2025_Fixed_Production_Ready/TaxEasy_ZA_2025_POPIA_Compliant/public/js/config.js","statementMap":{"0":{"start":{"line":12,"column":0},"end":{"line":185,"column":2}},"1":{"start":{"line":194,"column":0},"end":{"line":196,"column":2}},"2":{"start":{"line":195,"column":4},"end":{"line":195,"column":36}},"3":{"start":{"line":201,"column":0},"end":{"line":203,"column":2}},"4":{"start":{"line":202,"column":4},"end":{"line":202,"column":65}},"5":{"start":{"line":208,"column":0},"end":{"line":212,"column":2}},"6":{"start":{"line":209,"column":4},"end":{"line":211,"column":32}},"7":{"start":{"line":217,"column":0},"end":{"line":227,"column":2}},"8":{"start":{"line":218,"column":17},"end":{"line":218,"column":39}},"9":{"start":{"line":219,"column":18},"end":{"line":219,"column":31}},"10":{"start":{"line":221,"column":4},"end":{"line":224,"column":5}},"11":{"start":{"line":222,"column":8},"end":{"line":222,"column":53}},"12":{"start":{"line":222,"column":40},"end":{"line":222,"column":53}},"13":{"start":{"line":223,"column":8},"end":{"line":223,"column":31}},"14":{"start":{"line":226,"column":4},"end":{"line":226,"column":28}},"15":{"start":{"line":232,"column":0},"end":{"line":260,"column":2}},"16":{"start":{"line":233,"column":19},"end":{"line":233,"column":21}},"17":{"start":{"line":236,"column":4},"end":{"line":244,"column":5}},"18":{"start":{"line":237,"column":30},"end":{"line":237,"column":53}},"19":{"start":{"line":238,"column":8},"end":{"line":240,"column":9}},"20":{"start":{"line":239,"column":12},"end":{"line":239,"column":62}},"21":{"start":{"line":241,"column":8},"end":{"line":243,"column":9}},"22":{"start":{"line":242,"column":12},"end":{"line":242,"column":63}},"23":{"start":{"line":247,"column":4},"end":{"line":254,"column":5}},"24":{"start":{"line":248,"column":8},"end":{"line":250,"column":9}},"25":{"start":{"line":249,"column":12},"end":{"line":249,"column":61}},"26":{"start":{"line":251,"column":8},"end":{"line":253,"column":9}},"27":{"start":{"line":252,"column":12},"end":{"line":252,"column":66}},"28":{"start":{"line":256,"column":4},"end":{"line":259,"column":6}}},"fnMap":{"0":{"name":"(anonymous_0)","decl":{"start":{"line":194,"column":45},"end":{"line":194,"column":46}},"loc":{"start":{"line":194,"column":56},"end":{"line":196,"column":1}},"line":194},"1":{"name":"(anonymous_1)","decl":{"start":{"line":201,"column":37},"end":{"line":201,"column":38}},"loc":{"start":{"line":201,"column":48},"end":{"line":203,"column":1}},"line":201},"2":{"name":"(anonymous_2)","decl":{"start":{"line":208,"column":40},"end":{"line":208,"column":41}},"loc":{"start":{"line":208,"column":51},"end":{"line":212,"column":1}},"line":208},"3":{"name":"(anonymous_3)","decl":{"start":{"line":217,"column":40},"end":{"line":217,"column":41}},"loc":{"start":{"line":217,"column":62},"end":{"line":227,"column":1}},"line":217},"4":{"name":"(anonymous_4)","decl":{"start":{"line":232,"column":32},"end":{"line":232,"column":33}},"loc":{"start":{"line":232,"column":43},"end":{"line":260,"column":1}},"line":232}},"branchMap":{"0":{"loc":{"start":{"line":209,"column":11},"end":{"line":211,"column":31}},"type":"cond-expr","locations":[{"start":{"line":210,"column":8},"end":{"line":210,"column":28}},{"start":{"line":211,"column":8},"end":{"line":211,"column":31}}],"line":209},"1":{"loc":{"start":{"line":222,"column":8},"end":{"line":222,"column":53}},"type":"if","locations":[{"start":{"line":222,"column":8},"end":{"line":222,"column":53}},{"start":{},"end":{}}],"line":222},"2":{"loc":{"start":{"line":236,"column":4},"end":{"line":244,"column":5}},"type":"if","locations":[{"start":{"line":236,"column":4},"end":{"line":244,"column":5}},{"start":{},"end":{}}],"line":236},"3":{"loc":{"start":{"line":238,"column":8},"end":{"line":240,"column":9}},"type":"if","locations":[{"start":{"line":238,"column":8},"end":{"line":240,"column":9}},{"start":{},"end":{}}],"line":238},"4":{"loc":{"start":{"line":241,"column":8},"end":{"line":243,"column":9}},"type":"if","locations":[{"start":{"line":241,"column":8},"end":{"line":243,"column":9}},{"start":{},"end":{}}],"line":241},"5":{"loc":{"start":{"line":247,"column":4},"end":{"line":254,"column":5}},"type":"if","locations":[{"start":{"line":247,"column":4},"end":{"line":254,"column":5}},{"start":{},"end":{}}],"line":247},"6":{"loc":{"start":{"line":248,"column":8},"end":{"line":250,"column":9}},"type":"if","locations":[{"start":{"line":248,"column":8},"end":{"line":250,"column":9}},{"start":{},"end":{}}],"line":248},"7":{"loc":{"start":{"line":251,"column":8},"end":{"line":253,"column":9}},"type":"if","locations":[{"start":{"line":251,"column":8},"end":{"line":253,"column":9}},{"start":{},"end":{}}],"line":251}},"s":{"0":0,"1":0,"2":0,"3":0,"4":0,"5":0,"6":0,"7":0,"8":0,"9":0,"10":0,"11":0,"12":0,"13":0,"14":0,"15":0,"16":0,"17":0,"18":0,"19":0,"20":0,"21":0,"22":0,"23":0,"24":0,"25":0,"26":0,"27":0,"28":0},"f":{"0":0,"1":0,"2":0,"3":0,"4":0},"b":{"0":[0,0],"1":[0,0],"2":[0,0],"3":[0,0],"4":[0,0],"5":[0,0],"6":[0,0],"7":[0,0]}}
,"/home/ubuntu/TaxEasyZA2025_Fixed_Production_Ready/TaxEasy_ZA_2025_POPIA_Compliant/public/js/input-validation.js": {"path":"/home/ubuntu/TaxEasyZA2025_Fixed_Production_Ready/TaxEasy_ZA_2025_POPIA_Compliant/public/js/input-validation.js","statementMap":{"0":{"start":{"line":5,"column":8},"end":{"line":5,"column":34}},"1":{"start":{"line":6,"column":8},"end":{"line":6,"column":32}},"2":{"start":{"line":7,"column":8},"end":{"line":7,"column":35}},"3":{"start":{"line":8,"column":8},"end":{"line":8,"column":43}},"4":{"start":{"line":9,"column":8},"end":{"line":9,"column":20}},"5":{"start":{"line":13,"column":8},"end":{"line":13,"column":61}},"6":{"start":{"line":16,"column":8},"end":{"line":16,"column":36}},"7":{"start":{"line":19,"column":8},"end":{"line":19,"column":34}},"8":{"start":{"line":22,"column":8},"end":{"line":22,"column":37}},"9":{"start":{"line":25,"column":8},"end":{"line":25,"column":36}},"10":{"start":{"line":27,"column":8},"end":{"line":27,"column":60}},"11":{"start":{"line":31,"column":8},"end":{"line":396,"column":10}},"12":{"start":{"line":400,"column":8},"end":{"line":410,"column":10}},"13":{"start":{"line":414,"column":8},"end":{"line":663,"column":10}},"14":{"start":{"line":417,"column":16},"end":{"line":417,"column":38}},"15":{"start":{"line":417,"column":28},"end":{"line":417,"column":38}},"16":{"start":{"line":420,"column":16},"end":{"line":422,"column":17}},"17":{"start":{"line":421,"column":20},"end":{"line":421,"column":62}},"18":{"start":{"line":425,"column":16},"end":{"line":427,"column":17}},"19":{"start":{"line":426,"column":20},"end":{"line":426,"column":30}},"20":{"start":{"line":429,"column":16},"end":{"line":429,"column":103}},"21":{"start":{"line":434,"column":31},"end":{"line":434,"column":33}},"22":{"start":{"line":435,"column":28},"end":{"line":435,"column":43}},"23":{"start":{"line":437,"column":16},"end":{"line":439,"column":17}},"24":{"start":{"line":438,"column":20},"end":{"line":438,"column":90}},"25":{"start":{"line":441,"column":16},"end":{"line":449,"column":17}},"26":{"start":{"line":443,"column":36},"end":{"line":443,"column":94}},"27":{"start":{"line":444,"column":46},"end":{"line":444,"column":114}},"28":{"start":{"line":446,"column":20},"end":{"line":448,"column":21}},"29":{"start":{"line":447,"column":24},"end":{"line":447,"column":103}},"30":{"start":{"line":451,"column":16},"end":{"line":451,"column":30}},"31":{"start":{"line":456,"column":31},"end":{"line":456,"column":33}},"32":{"start":{"line":457,"column":31},"end":{"line":457,"column":53}},"33":{"start":{"line":459,"column":16},"end":{"line":461,"column":17}},"34":{"start":{"line":460,"column":20},"end":{"line":460,"column":96}},"35":{"start":{"line":463,"column":16},"end":{"line":465,"column":17}},"36":{"start":{"line":464,"column":20},"end":{"line":464,"column":86}},"37":{"start":{"line":467,"column":16},"end":{"line":467,"column":30}},"38":{"start":{"line":472,"column":31},"end":{"line":472,"column":33}},"39":{"start":{"line":473,"column":30},"end":{"line":473,"column":52}},"40":{"start":{"line":474,"column":31},"end":{"line":474,"column":93}},"41":{"start":{"line":476,"column":16},"end":{"line":481,"column":17}},"42":{"start":{"line":477,"column":34},"end":{"line":477,"column":48}},"43":{"start":{"line":478,"column":20},"end":{"line":480,"column":21}},"44":{"start":{"line":479,"column":24},"end":{"line":479,"column":96}},"45":{"start":{"line":483,"column":16},"end":{"line":483,"column":30}},"46":{"start":{"line":488,"column":31},"end":{"line":488,"column":33}},"47":{"start":{"line":489,"column":33},"end":{"line":489,"column":55}},"48":{"start":{"line":490,"column":31},"end":{"line":490,"column":93}},"49":{"start":{"line":492,"column":16},"end":{"line":497,"column":17}},"50":{"start":{"line":493,"column":34},"end":{"line":493,"column":51}},"51":{"start":{"line":494,"column":20},"end":{"line":496,"column":21}},"52":{"start":{"line":495,"column":24},"end":{"line":495,"column":85}},"53":{"start":{"line":499,"column":16},"end":{"line":499,"column":30}},"54":{"start":{"line":504,"column":31},"end":{"line":504,"column":33}},"55":{"start":{"line":505,"column":29},"end":{"line":505,"column":51}},"56":{"start":{"line":506,"column":36},"end":{"line":506,"column":63}},"57":{"start":{"line":508,"column":16},"end":{"line":516,"column":17}},"58":{"start":{"line":509,"column":34},"end":{"line":509,"column":52}},"59":{"start":{"line":510,"column":20},"end":{"line":512,"column":21}},"60":{"start":{"line":511,"column":24},"end":{"line":511,"column":81}},"61":{"start":{"line":513,"column":20},"end":{"line":515,"column":21}},"62":{"start":{"line":514,"column":24},"end":{"line":514,"column":76}},"63":{"start":{"line":518,"column":16},"end":{"line":518,"column":30}},"64":{"start":{"line":523,"column":31},"end":{"line":523,"column":33}},"65":{"start":{"line":524,"column":28},"end":{"line":524,"column":50}},"66":{"start":{"line":525,"column":31},"end":{"line":525,"column":38}},"67":{"start":{"line":527,"column":16},"end":{"line":529,"column":17}},"68":{"start":{"line":528,"column":20},"end":{"line":528,"column":98}},"69":{"start":{"line":531,"column":16},"end":{"line":531,"column":30}},"70":{"start":{"line":536,"column":31},"end":{"line":536,"column":33}},"71":{"start":{"line":537,"column":31},"end":{"line":537,"column":53}},"72":{"start":{"line":538,"column":40},"end":{"line":538,"column":78}},"73":{"start":{"line":539,"column":33},"end":{"line":539,"column":39}},"74":{"start":{"line":541,"column":16},"end":{"line":543,"column":17}},"75":{"start":{"line":542,"column":20},"end":{"line":542,"column":119}},"76":{"start":{"line":546,"column":36},"end":{"line":546,"column":63}},"77":{"start":{"line":547,"column":16},"end":{"line":552,"column":17}},"78":{"start":{"line":548,"column":39},"end":{"line":548,"column":78}},"79":{"start":{"line":549,"column":20},"end":{"line":551,"column":21}},"80":{"start":{"line":550,"column":24},"end":{"line":550,"column":128}},"81":{"start":{"line":554,"column":16},"end":{"line":554,"column":30}},"82":{"start":{"line":559,"column":31},"end":{"line":559,"column":33}},"83":{"start":{"line":560,"column":35},"end":{"line":560,"column":55}},"84":{"start":{"line":561,"column":32},"end":{"line":561,"column":95}},"85":{"start":{"line":563,"column":16},"end":{"line":565,"column":17}},"86":{"start":{"line":564,"column":20},"end":{"line":564,"column":94}},"87":{"start":{"line":567,"column":16},"end":{"line":569,"column":17}},"88":{"start":{"line":568,"column":20},"end":{"line":568,"column":97}},"89":{"start":{"line":572,"column":28},"end":{"line":572,"column":80}},"90":{"start":{"line":573,"column":16},"end":{"line":575,"column":17}},"91":{"start":{"line":574,"column":20},"end":{"line":574,"column":89}},"92":{"start":{"line":577,"column":16},"end":{"line":577,"column":30}},"93":{"start":{"line":582,"column":31},"end":{"line":582,"column":33}},"94":{"start":{"line":583,"column":37},"end":{"line":583,"column":59}},"95":{"start":{"line":584,"column":32},"end":{"line":584,"column":95}},"96":{"start":{"line":585,"column":35},"end":{"line":585,"column":101}},"97":{"start":{"line":587,"column":16},"end":{"line":589,"column":17}},"98":{"start":{"line":588,"column":20},"end":{"line":588,"column":102}},"99":{"start":{"line":592,"column":36},"end":{"line":592,"column":56}},"100":{"start":{"line":593,"column":16},"end":{"line":598,"column":17}},"101":{"start":{"line":594,"column":42},"end":{"line":594,"column":68}},"102":{"start":{"line":595,"column":20},"end":{"line":597,"column":21}},"103":{"start":{"line":596,"column":24},"end":{"line":596,"column":101}},"104":{"start":{"line":600,"column":16},"end":{"line":600,"column":30}},"105":{"start":{"line":605,"column":31},"end":{"line":605,"column":33}},"106":{"start":{"line":606,"column":27},"end":{"line":606,"column":47}},"107":{"start":{"line":608,"column":16},"end":{"line":610,"column":17}},"108":{"start":{"line":609,"column":20},"end":{"line":609,"column":104}},"109":{"start":{"line":612,"column":16},"end":{"line":614,"column":17}},"110":{"start":{"line":613,"column":20},"end":{"line":613,"column":95}},"111":{"start":{"line":616,"column":16},"end":{"line":616,"column":30}},"112":{"start":{"line":621,"column":31},"end":{"line":621,"column":33}},"113":{"start":{"line":622,"column":31},"end":{"line":622,"column":53}},"114":{"start":{"line":624,"column":16},"end":{"line":626,"column":17}},"115":{"start":{"line":625,"column":20},"end":{"line":625,"column":99}},"116":{"start":{"line":629,"column":36},"end":{"line":629,"column":63}},"117":{"start":{"line":630,"column":16},"end":{"line":632,"column":17}},"118":{"start":{"line":631,"column":20},"end":{"line":631,"column":85}},"119":{"start":{"line":634,"column":16},"end":{"line":634,"column":30}},"120":{"start":{"line":639,"column":31},"end":{"line":639,"column":33}},"121":{"start":{"line":640,"column":31},"end":{"line":640,"column":53}},"122":{"start":{"line":642,"column":16},"end":{"line":644,"column":17}},"123":{"start":{"line":643,"column":20},"end":{"line":643,"column":108}},"124":{"start":{"line":646,"column":16},"end":{"line":646,"column":30}},"125":{"start":{"line":650,"column":31},"end":{"line":650,"column":33}},"126":{"start":{"line":651,"column":31},"end":{"line":651,"column":53}},"127":{"start":{"line":654,"column":39},"end":{"line":654,"column":69}},"128":{"start":{"line":655,"column":37},"end":{"line":655,"column":44}},"129":{"start":{"line":657,"column":16},"end":{"line":659,"column":17}},"130":{"start":{"line":658,"column":20},"end":{"line":658,"column":117}},"131":{"start":{"line":661,"column":16},"end":{"line":661,"column":30}},"132":{"start":{"line":668,"column":23},"end":{"line":668,"column":25}},"133":{"start":{"line":671,"column":8},"end":{"line":674,"column":9}},"134":{"start":{"line":672,"column":12},"end":{"line":672,"column":70}},"135":{"start":{"line":673,"column":12},"end":{"line":673,"column":26}},"136":{"start":{"line":677,"column":21},"end":{"line":677,"column":55}},"137":{"start":{"line":678,"column":22},"end":{"line":678,"column":56}},"138":{"start":{"line":679,"column":20},"end":{"line":679,"column":54}},"139":{"start":{"line":682,"column":8},"end":{"line":684,"column":9}},"140":{"start":{"line":683,"column":12},"end":{"line":683,"column":54}},"141":{"start":{"line":686,"column":8},"end":{"line":688,"column":9}},"142":{"start":{"line":687,"column":12},"end":{"line":687,"column":52}},"143":{"start":{"line":691,"column":8},"end":{"line":693,"column":9}},"144":{"start":{"line":692,"column":12},"end":{"line":692,"column":77}},"145":{"start":{"line":695,"column":8},"end":{"line":695,"column":22}},"146":{"start":{"line":700,"column":18},"end":{"line":700,"column":19}},"147":{"start":{"line":701,"column":24},"end":{"line":701,"column":29}},"148":{"start":{"line":703,"column":8},"end":{"line":715,"column":9}},"149":{"start":{"line":703,"column":21},"end":{"line":703,"column":40}},"150":{"start":{"line":704,"column":20},"end":{"line":704,"column":48}},"151":{"start":{"line":706,"column":12},"end":{"line":711,"column":13}},"152":{"start":{"line":707,"column":16},"end":{"line":707,"column":23}},"153":{"start":{"line":708,"column":16},"end":{"line":710,"column":17}},"154":{"start":{"line":709,"column":20},"end":{"line":709,"column":37}},"155":{"start":{"line":713,"column":12},"end":{"line":713,"column":21}},"156":{"start":{"line":714,"column":12},"end":{"line":714,"column":35}},"157":{"start":{"line":717,"column":8},"end":{"line":717,"column":32}},"158":{"start":{"line":722,"column":29},"end":{"line":727,"column":9}},"159":{"start":{"line":729,"column":8},"end":{"line":732,"column":14}},"160":{"start":{"line":730,"column":26},"end":{"line":730,"column":82}},"161":{"start":{"line":731,"column":12},"end":{"line":731,"column":33}},"162":{"start":{"line":737,"column":24},"end":{"line":737,"column":82}},"163":{"start":{"line":738,"column":26},"end":{"line":738,"column":86}},"164":{"start":{"line":739,"column":34},"end":{"line":739,"column":102}},"165":{"start":{"line":741,"column":8},"end":{"line":741,"column":55}},"166":{"start":{"line":746,"column":27},"end":{"line":746,"column":94}},"167":{"start":{"line":747,"column":24},"end":{"line":747,"column":82}},"168":{"start":{"line":748,"column":31},"end":{"line":748,"column":96}},"169":{"start":{"line":750,"column":8},"end":{"line":750,"column":53}},"170":{"start":{"line":755,"column":8},"end":{"line":759,"column":11}},"171":{"start":{"line":756,"column":12},"end":{"line":758,"column":13}},"172":{"start":{"line":757,"column":16},"end":{"line":757,"column":52}},"173":{"start":{"line":762,"column":8},"end":{"line":766,"column":17}},"174":{"start":{"line":763,"column":12},"end":{"line":765,"column":13}},"175":{"start":{"line":764,"column":16},"end":{"line":764,"column":51}},"176":{"start":{"line":769,"column":8},"end":{"line":773,"column":11}},"177":{"start":{"line":770,"column":12},"end":{"line":772,"column":13}},"178":{"start":{"line":771,"column":16},"end":{"line":771,"column":42}},"179":{"start":{"line":776,"column":8},"end":{"line":780,"column":17}},"180":{"start":{"line":777,"column":12},"end":{"line":779,"column":13}},"181":{"start":{"line":778,"column":16},"end":{"line":778,"column":51}},"182":{"start":{"line":783,"column":8},"end":{"line":787,"column":11}},"183":{"start":{"line":784,"column":12},"end":{"line":786,"column":13}},"184":{"start":{"line":785,"column":16},"end":{"line":785,"column":59}},"185":{"start":{"line":791,"column":26},"end":{"line":791,"column":48}},"186":{"start":{"line":792,"column":22},"end":{"line":792,"column":53}},"187":{"start":{"line":794,"column":8},"end":{"line":796,"column":9}},"188":{"start":{"line":795,"column":12},"end":{"line":795,"column":24}},"189":{"start":{"line":798,"column":22},"end":{"line":798,"column":40}},"190":{"start":{"line":799,"column":23},"end":{"line":799,"column":25}},"191":{"start":{"line":802,"column":8},"end":{"line":804,"column":9}},"192":{"start":{"line":803,"column":12},"end":{"line":803,"column":53}},"193":{"start":{"line":807,"column":8},"end":{"line":810,"column":9}},"194":{"start":{"line":808,"column":12},"end":{"line":808,"column":40}},"195":{"start":{"line":809,"column":12},"end":{"line":809,"column":24}},"196":{"start":{"line":813,"column":8},"end":{"line":815,"column":9}},"197":{"start":{"line":814,"column":12},"end":{"line":814,"column":88}},"198":{"start":{"line":817,"column":8},"end":{"line":819,"column":9}},"199":{"start":{"line":818,"column":12},"end":{"line":818,"column":88}},"200":{"start":{"line":822,"column":8},"end":{"line":824,"column":9}},"201":{"start":{"line":823,"column":12},"end":{"line":823,"column":69}},"202":{"start":{"line":827,"column":8},"end":{"line":841,"column":9}},"203":{"start":{"line":828,"column":29},"end":{"line":828,"column":46}},"204":{"start":{"line":830,"column":12},"end":{"line":840,"column":13}},"205":{"start":{"line":831,"column":16},"end":{"line":831,"column":55}},"206":{"start":{"line":833,"column":16},"end":{"line":835,"column":17}},"207":{"start":{"line":834,"column":20},"end":{"line":834,"column":103}},"208":{"start":{"line":837,"column":16},"end":{"line":839,"column":17}},"209":{"start":{"line":838,"column":20},"end":{"line":838,"column":103}},"210":{"start":{"line":844,"column":8},"end":{"line":847,"column":9}},"211":{"start":{"line":845,"column":33},"end":{"line":845,"column":91}},"212":{"start":{"line":846,"column":12},"end":{"line":846,"column":41}},"213":{"start":{"line":850,"column":8},"end":{"line":856,"column":9}},"214":{"start":{"line":851,"column":12},"end":{"line":851,"column":50}},"215":{"start":{"line":852,"column":12},"end":{"line":852,"column":25}},"216":{"start":{"line":854,"column":12},"end":{"line":854,"column":40}},"217":{"start":{"line":855,"column":12},"end":{"line":855,"column":39}},"218":{"start":{"line":860,"column":26},"end":{"line":860,"column":62}},"219":{"start":{"line":863,"column":8},"end":{"line":874,"column":11}},"220":{"start":{"line":864,"column":25},"end":{"line":864,"column":60}},"221":{"start":{"line":865,"column":12},"end":{"line":873,"column":13}},"222":{"start":{"line":866,"column":37},"end":{"line":866,"column":102}},"223":{"start":{"line":867,"column":16},"end":{"line":872,"column":17}},"224":{"start":{"line":868,"column":43},"end":{"line":868,"column":81}},"225":{"start":{"line":869,"column":20},"end":{"line":871,"column":21}},"226":{"start":{"line":870,"column":24},"end":{"line":870,"column":65}},"227":{"start":{"line":879,"column":8},"end":{"line":879,"column":37}},"228":{"start":{"line":880,"column":8},"end":{"line":880,"column":42}},"229":{"start":{"line":883,"column":8},"end":{"line":883,"column":43}},"230":{"start":{"line":886,"column":25},"end":{"line":886,"column":54}},"231":{"start":{"line":887,"column":8},"end":{"line":887,"column":45}},"232":{"start":{"line":888,"column":8},"end":{"line":888,"column":84}},"233":{"start":{"line":891,"column":27},"end":{"line":891,"column":76}},"234":{"start":{"line":892,"column":8},"end":{"line":892,"column":41}},"235":{"start":{"line":895,"column":8},"end":{"line":895,"column":95}},"236":{"start":{"line":900,"column":8},"end":{"line":900,"column":40}},"237":{"start":{"line":902,"column":8},"end":{"line":906,"column":9}},"238":{"start":{"line":903,"column":12},"end":{"line":903,"column":43}},"239":{"start":{"line":905,"column":12},"end":{"line":905,"column":46}},"240":{"start":{"line":909,"column":27},"end":{"line":909,"column":76}},"241":{"start":{"line":910,"column":30},"end":{"line":910,"column":72}},"242":{"start":{"line":911,"column":8},"end":{"line":913,"column":9}},"243":{"start":{"line":912,"column":12},"end":{"line":912,"column":35}},"244":{"start":{"line":916,"column":8},"end":{"line":918,"column":9}},"245":{"start":{"line":917,"column":12},"end":{"line":917,"column":102}},"246":{"start":{"line":923,"column":8},"end":{"line":932,"column":9}},"247":{"start":{"line":931,"column":12},"end":{"line":931,"column":19}},"248":{"start":{"line":935,"column":8},"end":{"line":937,"column":9}},"249":{"start":{"line":936,"column":12},"end":{"line":936,"column":31}},"250":{"start":{"line":941,"column":22},"end":{"line":941,"column":50}},"251":{"start":{"line":942,"column":8},"end":{"line":944,"column":9}},"252":{"start":{"line":943,"column":12},"end":{"line":943,"column":43}},"253":{"start":{"line":948,"column":8},"end":{"line":953,"column":23}},"254":{"start":{"line":958,"column":22},"end":{"line":958,"column":26}},"255":{"start":{"line":959,"column":23},"end":{"line":959,"column":25}},"256":{"start":{"line":962,"column":8},"end":{"line":971,"column":11}},"257":{"start":{"line":963,"column":26},"end":{"line":963,"column":60}},"258":{"start":{"line":964,"column":12},"end":{"line":970,"column":13}},"259":{"start":{"line":965,"column":35},"end":{"line":965,"column":66}},"260":{"start":{"line":966,"column":16},"end":{"line":969,"column":17}},"261":{"start":{"line":967,"column":20},"end":{"line":967,"column":36}},"262":{"start":{"line":968,"column":20},"end":{"line":968,"column":67}},"263":{"start":{"line":974,"column":27},"end":{"line":974,"column":51}},"264":{"start":{"line":975,"column":8},"end":{"line":975,"column":35}},"265":{"start":{"line":977,"column":8},"end":{"line":979,"column":9}},"266":{"start":{"line":978,"column":12},"end":{"line":978,"column":28}},"267":{"start":{"line":981,"column":8},"end":{"line":981,"column":35}},"268":{"start":{"line":985,"column":23},"end":{"line":985,"column":25}},"269":{"start":{"line":988,"column":32},"end":{"line":988,"column":70}},"270":{"start":{"line":989,"column":8},"end":{"line":991,"column":9}},"271":{"start":{"line":990,"column":12},"end":{"line":990,"column":80}},"272":{"start":{"line":994,"column":28},"end":{"line":994,"column":55}},"273":{"start":{"line":995,"column":32},"end":{"line":995,"column":63}},"274":{"start":{"line":997,"column":8},"end":{"line":999,"column":9}},"275":{"start":{"line":998,"column":12},"end":{"line":998,"column":64}},"276":{"start":{"line":1001,"column":8},"end":{"line":1001,"column":22}},"277":{"start":{"line":1005,"column":32},"end":{"line":1012,"column":9}},"278":{"start":{"line":1014,"column":8},"end":{"line":1017,"column":14}},"279":{"start":{"line":1015,"column":26},"end":{"line":1015,"column":82}},"280":{"start":{"line":1016,"column":12},"end":{"line":1016,"column":33}},"281":{"start":{"line":1022,"column":24},"end":{"line":1028,"column":9}},"282":{"start":{"line":1030,"column":8},"end":{"line":1038,"column":11}},"283":{"start":{"line":1031,"column":12},"end":{"line":1031,"column":34}},"284":{"start":{"line":1032,"column":12},"end":{"line":1037,"column":13}},"285":{"start":{"line":1033,"column":16},"end":{"line":1033,"column":38}},"286":{"start":{"line":1035,"column":16},"end":{"line":1035,"column":40}},"287":{"start":{"line":1036,"column":16},"end":{"line":1036,"column":69}},"288":{"start":{"line":1040,"column":8},"end":{"line":1040,"column":23}},"289":{"start":{"line":1045,"column":0},"end":{"line":1048,"column":3}},"290":{"start":{"line":1046,"column":4},"end":{"line":1046,"column":49}},"291":{"start":{"line":1047,"column":4},"end":{"line":1047,"column":50}},"292":{"start":{"line":1051,"column":0},"end":{"line":1053,"column":1}},"293":{"start":{"line":1052,"column":4},"end":{"line":1052,"column":36}}},"fnMap":{"0":{"name":"(anonymous_0)","decl":{"start":{"line":4,"column":4},"end":{"line":4,"column":5}},"loc":{"start":{"line":4,"column":18},"end":{"line":10,"column":5}},"line":4},"1":{"name":"(anonymous_1)","decl":{"start":{"line":12,"column":4},"end":{"line":12,"column":5}},"loc":{"start":{"line":12,"column":11},"end":{"line":28,"column":5}},"line":12},"2":{"name":"(anonymous_2)","decl":{"start":{"line":30,"column":4},"end":{"line":30,"column":5}},"loc":{"start":{"line":30,"column":27},"end":{"line":397,"column":5}},"line":30},"3":{"name":"(anonymous_3)","decl":{"start":{"line":399,"column":4},"end":{"line":399,"column":5}},"loc":{"start":{"line":399,"column":25},"end":{"line":411,"column":5}},"line":399},"4":{"name":"(anonymous_4)","decl":{"start":{"line":413,"column":4},"end":{"line":413,"column":5}},"loc":{"start":{"line":413,"column":28},"end":{"line":664,"column":5}},"line":413},"5":{"name":"(anonymous_5)","decl":{"start":{"line":416,"column":32},"end":{"line":416,"column":33}},"loc":{"start":{"line":416,"column":50},"end":{"line":430,"column":13}},"line":416},"6":{"name":"(anonymous_6)","decl":{"start":{"line":433,"column":25},"end":{"line":433,"column":26}},"loc":{"start":{"line":433,"column":43},"end":{"line":452,"column":13}},"line":433},"7":{"name":"(anonymous_7)","decl":{"start":{"line":455,"column":42},"end":{"line":455,"column":43}},"loc":{"start":{"line":455,"column":60},"end":{"line":468,"column":13}},"line":455},"8":{"name":"(anonymous_8)","decl":{"start":{"line":471,"column":32},"end":{"line":471,"column":33}},"loc":{"start":{"line":471,"column":50},"end":{"line":484,"column":13}},"line":471},"9":{"name":"(anonymous_9)","decl":{"start":{"line":487,"column":35},"end":{"line":487,"column":36}},"loc":{"start":{"line":487,"column":53},"end":{"line":500,"column":13}},"line":487},"10":{"name":"(anonymous_10)","decl":{"start":{"line":503,"column":40},"end":{"line":503,"column":41}},"loc":{"start":{"line":503,"column":58},"end":{"line":519,"column":13}},"line":503},"11":{"name":"(anonymous_11)","decl":{"start":{"line":522,"column":28},"end":{"line":522,"column":29}},"loc":{"start":{"line":522,"column":46},"end":{"line":532,"column":13}},"line":522},"12":{"name":"(anonymous_12)","decl":{"start":{"line":535,"column":44},"end":{"line":535,"column":45}},"loc":{"start":{"line":535,"column":62},"end":{"line":555,"column":13}},"line":535},"13":{"name":"(anonymous_13)","decl":{"start":{"line":558,"column":39},"end":{"line":558,"column":40}},"loc":{"start":{"line":558,"column":57},"end":{"line":578,"column":13}},"line":558},"14":{"name":"(anonymous_14)","decl":{"start":{"line":581,"column":44},"end":{"line":581,"column":45}},"loc":{"start":{"line":581,"column":62},"end":{"line":601,"column":13}},"line":581},"15":{"name":"(anonymous_15)","decl":{"start":{"line":604,"column":40},"end":{"line":604,"column":41}},"loc":{"start":{"line":604,"column":58},"end":{"line":617,"column":13}},"line":604},"16":{"name":"(anonymous_16)","decl":{"start":{"line":620,"column":32},"end":{"line":620,"column":33}},"loc":{"start":{"line":620,"column":50},"end":{"line":635,"column":13}},"line":620},"17":{"name":"(anonymous_17)","decl":{"start":{"line":638,"column":35},"end":{"line":638,"column":36}},"loc":{"start":{"line":638,"column":53},"end":{"line":647,"column":13}},"line":638},"18":{"name":"(anonymous_18)","decl":{"start":{"line":649,"column":37},"end":{"line":649,"column":38}},"loc":{"start":{"line":649,"column":55},"end":{"line":662,"column":13}},"line":649},"19":{"name":"(anonymous_19)","decl":{"start":{"line":667,"column":4},"end":{"line":667,"column":5}},"loc":{"start":{"line":667,"column":37},"end":{"line":696,"column":5}},"line":667},"20":{"name":"(anonymous_20)","decl":{"start":{"line":699,"column":4},"end":{"line":699,"column":5}},"loc":{"start":{"line":699,"column":24},"end":{"line":718,"column":5}},"line":699},"21":{"name":"(anonymous_21)","decl":{"start":{"line":721,"column":4},"end":{"line":721,"column":5}},"loc":{"start":{"line":721,"column":27},"end":{"line":733,"column":5}},"line":721},"22":{"name":"(anonymous_22)","decl":{"start":{"line":729,"column":35},"end":{"line":729,"column":36}},"loc":{"start":{"line":729,"column":55},"end":{"line":732,"column":9}},"line":729},"23":{"name":"(anonymous_23)","decl":{"start":{"line":736,"column":4},"end":{"line":736,"column":5}},"loc":{"start":{"line":736,"column":38},"end":{"line":742,"column":5}},"line":736},"24":{"name":"(anonymous_24)","decl":{"start":{"line":745,"column":4},"end":{"line":745,"column":5}},"loc":{"start":{"line":745,"column":30},"end":{"line":751,"column":5}},"line":745},"25":{"name":"(anonymous_25)","decl":{"start":{"line":753,"column":4},"end":{"line":753,"column":5}},"loc":{"start":{"line":753,"column":27},"end":{"line":788,"column":5}},"line":753},"26":{"name":"(anonymous_26)","decl":{"start":{"line":755,"column":43},"end":{"line":755,"column":44}},"loc":{"start":{"line":755,"column":50},"end":{"line":759,"column":9}},"line":755},"27":{"name":"(anonymous_27)","decl":{"start":{"line":762,"column":42},"end":{"line":762,"column":43}},"loc":{"start":{"line":762,"column":49},"end":{"line":766,"column":9}},"line":762},"28":{"name":"(anonymous_28)","decl":{"start":{"line":769,"column":46},"end":{"line":769,"column":47}},"loc":{"start":{"line":769,"column":53},"end":{"line":773,"column":9}},"line":769},"29":{"name":"(anonymous_29)","decl":{"start":{"line":776,"column":42},"end":{"line":776,"column":43}},"loc":{"start":{"line":776,"column":49},"end":{"line":780,"column":9}},"line":776},"30":{"name":"(anonymous_30)","decl":{"start":{"line":783,"column":44},"end":{"line":783,"column":45}},"loc":{"start":{"line":783,"column":51},"end":{"line":787,"column":9}},"line":783},"31":{"name":"(anonymous_31)","decl":{"start":{"line":790,"column":4},"end":{"line":790,"column":5}},"loc":{"start":{"line":790,"column":45},"end":{"line":857,"column":5}},"line":790},"32":{"name":"(anonymous_32)","decl":{"start":{"line":859,"column":4},"end":{"line":859,"column":5}},"loc":{"start":{"line":859,"column":46},"end":{"line":875,"column":5}},"line":859},"33":{"name":"(anonymous_33)","decl":{"start":{"line":863,"column":50},"end":{"line":863,"column":51}},"loc":{"start":{"line":863,"column":67},"end":{"line":874,"column":9}},"line":863},"34":{"name":"(anonymous_34)","decl":{"start":{"line":877,"column":4},"end":{"line":877,"column":5}},"loc":{"start":{"line":877,"column":35},"end":{"line":896,"column":5}},"line":877},"35":{"name":"(anonymous_35)","decl":{"start":{"line":898,"column":4},"end":{"line":898,"column":5}},"loc":{"start":{"line":898,"column":51},"end":{"line":919,"column":5}},"line":898},"36":{"name":"(anonymous_36)","decl":{"start":{"line":921,"column":4},"end":{"line":921,"column":5}},"loc":{"start":{"line":921,"column":25},"end":{"line":938,"column":5}},"line":921},"37":{"name":"(anonymous_37)","decl":{"start":{"line":940,"column":4},"end":{"line":940,"column":5}},"loc":{"start":{"line":940,"column":31},"end":{"line":945,"column":5}},"line":940},"38":{"name":"(anonymous_38)","decl":{"start":{"line":947,"column":4},"end":{"line":947,"column":5}},"loc":{"start":{"line":947,"column":22},"end":{"line":954,"column":5}},"line":947},"39":{"name":"(anonymous_39)","decl":{"start":{"line":957,"column":4},"end":{"line":957,"column":5}},"loc":{"start":{"line":957,"column":19},"end":{"line":982,"column":5}},"line":957},"40":{"name":"(anonymous_40)","decl":{"start":{"line":962,"column":50},"end":{"line":962,"column":51}},"loc":{"start":{"line":962,"column":63},"end":{"line":971,"column":9}},"line":962},"41":{"name":"(anonymous_41)","decl":{"start":{"line":984,"column":4},"end":{"line":984,"column":5}},"loc":{"start":{"line":984,"column":24},"end":{"line":1002,"column":5}},"line":984},"42":{"name":"(anonymous_42)","decl":{"start":{"line":1004,"column":4},"end":{"line":1004,"column":5}},"loc":{"start":{"line":1004,"column":31},"end":{"line":1018,"column":5}},"line":1004},"43":{"name":"(anonymous_43)","decl":{"start":{"line":1014,"column":38},"end":{"line":1014,"column":39}},"loc":{"start":{"line":1014,"column":58},"end":{"line":1017,"column":9}},"line":1014},"44":{"name":"(anonymous_44)","decl":{"start":{"line":1021,"column":4},"end":{"line":1021,"column":5}},"loc":{"start":{"line":1021,"column":27},"end":{"line":1041,"column":5}},"line":1021},"45":{"name":"(anonymous_45)","decl":{"start":{"line":1030,"column":39},"end":{"line":1030,"column":40}},"loc":{"start":{"line":1030,"column":60},"end":{"line":1038,"column":9}},"line":1030},"46":{"name":"(anonymous_46)","decl":{"start":{"line":1045,"column":46},"end":{"line":1045,"column":47}},"loc":{"start":{"line":1045,"column":52},"end":{"line":1048,"column":1}},"line":1045}},"branchMap":{"0":{"loc":{"start":{"line":417,"column":16},"end":{"line":417,"column":38}},"type":"if","locations":[{"start":{"line":417,"column":16},"end":{"line":417,"column":38}},{"start":{},"end":{}}],"line":417},"1":{"loc":{"start":{"line":420,"column":16},"end":{"line":422,"column":17}},"type":"if","locations":[{"start":{"line":420,"column":16},"end":{"line":422,"column":17}},{"start":{},"end":{}}],"line":420},"2":{"loc":{"start":{"line":425,"column":16},"end":{"line":427,"column":17}},"type":"if","locations":[{"start":{"line":425,"column":16},"end":{"line":427,"column":17}},{"start":{},"end":{}}],"line":425},"3":{"loc":{"start":{"line":437,"column":16},"end":{"line":439,"column":17}},"type":"if","locations":[{"start":{"line":437,"column":16},"end":{"line":439,"column":17}},{"start":{},"end":{}}],"line":437},"4":{"loc":{"start":{"line":441,"column":16},"end":{"line":449,"column":17}},"type":"if","locations":[{"start":{"line":441,"column":16},"end":{"line":449,"column":17}},{"start":{},"end":{}}],"line":441},"5":{"loc":{"start":{"line":443,"column":36},"end":{"line":443,"column":94}},"type":"binary-expr","locations":[{"start":{"line":443,"column":36},"end":{"line":443,"column":89}},{"start":{"line":443,"column":93},"end":{"line":443,"column":94}}],"line":443},"6":{"loc":{"start":{"line":444,"column":46},"end":{"line":444,"column":114}},"type":"binary-expr","locations":[{"start":{"line":444,"column":46},"end":{"line":444,"column":109}},{"start":{"line":444,"column":113},"end":{"line":444,"column":114}}],"line":444},"7":{"loc":{"start":{"line":446,"column":20},"end":{"line":448,"column":21}},"type":"if","locations":[{"start":{"line":446,"column":20},"end":{"line":448,"column":21}},{"start":{},"end":{}}],"line":446},"8":{"loc":{"start":{"line":446,"column":24},"end":{"line":446,"column":64}},"type":"binary-expr","locations":[{"start":{"line":446,"column":24},"end":{"line":446,"column":37}},{"start":{"line":446,"column":41},"end":{"line":446,"column":64}}],"line":446},"9":{"loc":{"start":{"line":457,"column":31},"end":{"line":457,"column":53}},"type":"binary-expr","locations":[{"start":{"line":457,"column":31},"end":{"line":457,"column":48}},{"start":{"line":457,"column":52},"end":{"line":457,"column":53}}],"line":457},"10":{"loc":{"start":{"line":459,"column":16},"end":{"line":461,"column":17}},"type":"if","locations":[{"start":{"line":459,"column":16},"end":{"line":461,"column":17}},{"start":{},"end":{}}],"line":459},"11":{"loc":{"start":{"line":463,"column":16},"end":{"line":465,"column":17}},"type":"if","locations":[{"start":{"line":463,"column":16},"end":{"line":465,"column":17}},{"start":{},"end":{}}],"line":463},"12":{"loc":{"start":{"line":463,"column":20},"end":{"line":463,"column":47}},"type":"binary-expr","locations":[{"start":{"line":463,"column":20},"end":{"line":463,"column":30}},{"start":{"line":463,"column":34},"end":{"line":463,"column":47}}],"line":463},"13":{"loc":{"start":{"line":473,"column":30},"end":{"line":473,"column":52}},"type":"binary-expr","locations":[{"start":{"line":473,"column":30},"end":{"line":473,"column":47}},{"start":{"line":473,"column":51},"end":{"line":473,"column":52}}],"line":473},"14":{"loc":{"start":{"line":474,"column":31},"end":{"line":474,"column":93}},"type":"binary-expr","locations":[{"start":{"line":474,"column":31},"end":{"line":474,"column":88}},{"start":{"line":474,"column":92},"end":{"line":474,"column":93}}],"line":474},"15":{"loc":{"start":{"line":476,"column":16},"end":{"line":481,"column":17}},"type":"if","locations":[{"start":{"line":476,"column":16},"end":{"line":481,"column":17}},{"start":{},"end":{}}],"line":476},"16":{"loc":{"start":{"line":476,"column":20},"end":{"line":476,"column":43}},"type":"binary-expr","locations":[{"start":{"line":476,"column":20},"end":{"line":476,"column":29}},{"start":{"line":476,"column":33},"end":{"line":476,"column":43}}],"line":476},"17":{"loc":{"start":{"line":478,"column":20},"end":{"line":480,"column":21}},"type":"if","locations":[{"start":{"line":478,"column":20},"end":{"line":480,"column":21}},{"start":{},"end":{}}],"line":478},"18":{"loc":{"start":{"line":489,"column":33},"end":{"line":489,"column":55}},"type":"binary-expr","locations":[{"start":{"line":489,"column":33},"end":{"line":489,"column":50}},{"start":{"line":489,"column":54},"end":{"line":489,"column":55}}],"line":489},"19":{"loc":{"start":{"line":490,"column":31},"end":{"line":490,"column":93}},"type":"binary-expr","locations":[{"start":{"line":490,"column":31},"end":{"line":490,"column":88}},{"start":{"line":490,"column":92},"end":{"line":490,"column":93}}],"line":490},"20":{"loc":{"start":{"line":492,"column":16},"end":{"line":497,"column":17}},"type":"if","locations":[{"start":{"line":492,"column":16},"end":{"line":497,"column":17}},{"start":{},"end":{}}],"line":492},"21":{"loc":{"start":{"line":492,"column":20},"end":{"line":492,"column":46}},"type":"binary-expr","locations":[{"start":{"line":492,"column":20},"end":{"line":492,"column":32}},{"start":{"line":492,"column":36},"end":{"line":492,"column":46}}],"line":492},"22":{"loc":{"start":{"line":494,"column":20},"end":{"line":496,"column":21}},"type":"if","locations":[{"start":{"line":494,"column":20},"end":{"line":496,"column":21}},{"start":{},"end":{}}],"line":494},"23":{"loc":{"start":{"line":505,"column":29},"end":{"line":505,"column":51}},"type":"binary-expr","locations":[{"start":{"line":505,"column":29},"end":{"line":505,"column":46}},{"start":{"line":505,"column":50},"end":{"line":505,"column":51}}],"line":505},"24":{"loc":{"start":{"line":508,"column":16},"end":{"line":516,"column":17}},"type":"if","locations":[{"start":{"line":508,"column":16},"end":{"line":516,"column":17}},{"start":{},"end":{}}],"line":508},"25":{"loc":{"start":{"line":508,"column":20},"end":{"line":508,"column":47}},"type":"binary-expr","locations":[{"start":{"line":508,"column":20},"end":{"line":508,"column":28}},{"start":{"line":508,"column":32},"end":{"line":508,"column":47}}],"line":508},"26":{"loc":{"start":{"line":510,"column":20},"end":{"line":512,"column":21}},"type":"if","locations":[{"start":{"line":510,"column":20},"end":{"line":512,"column":21}},{"start":{},"end":{}}],"line":510},"27":{"loc":{"start":{"line":513,"column":20},"end":{"line":515,"column":21}},"type":"if","locations":[{"start":{"line":513,"column":20},"end":{"line":515,"column":21}},{"start":{},"end":{}}],"line":513},"28":{"loc":{"start":{"line":513,"column":24},"end":{"line":513,"column":60}},"type":"binary-expr","locations":[{"start":{"line":513,"column":24},"end":{"line":513,"column":36}},{"start":{"line":513,"column":40},"end":{"line":513,"column":60}}],"line":513},"29":{"loc":{"start":{"line":524,"column":28},"end":{"line":524,"column":50}},"type":"binary-expr","locations":[{"start":{"line":524,"column":28},"end":{"line":524,"column":45}},{"start":{"line":524,"column":49},"end":{"line":524,"column":50}}],"line":524},"30":{"loc":{"start":{"line":527,"column":16},"end":{"line":529,"column":17}},"type":"if","locations":[{"start":{"line":527,"column":16},"end":{"line":529,"column":17}},{"start":{},"end":{}}],"line":527},"31":{"loc":{"start":{"line":537,"column":31},"end":{"line":537,"column":53}},"type":"binary-expr","locations":[{"start":{"line":537,"column":31},"end":{"line":537,"column":48}},{"start":{"line":537,"column":52},"end":{"line":537,"column":53}}],"line":537},"32":{"loc":{"start":{"line":541,"column":16},"end":{"line":543,"column":17}},"type":"if","locations":[{"start":{"line":541,"column":16},"end":{"line":543,"column":17}},{"start":{},"end":{}}],"line":541},"33":{"loc":{"start":{"line":547,"column":16},"end":{"line":552,"column":17}},"type":"if","locations":[{"start":{"line":547,"column":16},"end":{"line":552,"column":17}},{"start":{},"end":{}}],"line":547},"34":{"loc":{"start":{"line":549,"column":20},"end":{"line":551,"column":21}},"type":"if","locations":[{"start":{"line":549,"column":20},"end":{"line":551,"column":21}},{"start":{},"end":{}}],"line":549},"35":{"loc":{"start":{"line":560,"column":35},"end":{"line":560,"column":55}},"type":"binary-expr","locations":[{"start":{"line":560,"column":35},"end":{"line":560,"column":50}},{"start":{"line":560,"column":54},"end":{"line":560,"column":55}}],"line":560},"36":{"loc":{"start":{"line":561,"column":32},"end":{"line":561,"column":95}},"type":"binary-expr","locations":[{"start":{"line":561,"column":32},"end":{"line":561,"column":90}},{"start":{"line":561,"column":94},"end":{"line":561,"column":95}}],"line":561},"37":{"loc":{"start":{"line":563,"column":16},"end":{"line":565,"column":17}},"type":"if","locations":[{"start":{"line":563,"column":16},"end":{"line":565,"column":17}},{"start":{},"end":{}}],"line":563},"38":{"loc":{"start":{"line":563,"column":20},"end":{"line":563,"column":51}},"type":"binary-expr","locations":[{"start":{"line":563,"column":20},"end":{"line":563,"column":34}},{"start":{"line":563,"column":38},"end":{"line":563,"column":51}}],"line":563},"39":{"loc":{"start":{"line":567,"column":16},"end":{"line":569,"column":17}},"type":"if","locations":[{"start":{"line":567,"column":16},"end":{"line":569,"column":17}},{"start":{},"end":{}}],"line":567},"40":{"loc":{"start":{"line":572,"column":28},"end":{"line":572,"column":80}},"type":"binary-expr","locations":[{"start":{"line":572,"column":28},"end":{"line":572,"column":75}},{"start":{"line":572,"column":79},"end":{"line":572,"column":80}}],"line":572},"41":{"loc":{"start":{"line":573,"column":16},"end":{"line":575,"column":17}},"type":"if","locations":[{"start":{"line":573,"column":16},"end":{"line":575,"column":17}},{"start":{},"end":{}}],"line":573},"42":{"loc":{"start":{"line":573,"column":20},"end":{"line":573,"column":47}},"type":"binary-expr","locations":[{"start":{"line":573,"column":20},"end":{"line":573,"column":35}},{"start":{"line":573,"column":39},"end":{"line":573,"column":47}}],"line":573},"43":{"loc":{"start":{"line":583,"column":37},"end":{"line":583,"column":59}},"type":"binary-expr","locations":[{"start":{"line":583,"column":37},"end":{"line":583,"column":54}},{"start":{"line":583,"column":58},"end":{"line":583,"column":59}}],"line":583},"44":{"loc":{"start":{"line":584,"column":32},"end":{"line":584,"column":95}},"type":"binary-expr","locations":[{"start":{"line":584,"column":32},"end":{"line":584,"column":90}},{"start":{"line":584,"column":94},"end":{"line":584,"column":95}}],"line":584},"45":{"loc":{"start":{"line":585,"column":35},"end":{"line":585,"column":101}},"type":"binary-expr","locations":[{"start":{"line":585,"column":35},"end":{"line":585,"column":96}},{"start":{"line":585,"column":100},"end":{"line":585,"column":101}}],"line":585},"46":{"loc":{"start":{"line":587,"column":16},"end":{"line":589,"column":17}},"type":"if","locations":[{"start":{"line":587,"column":16},"end":{"line":589,"column":17}},{"start":{},"end":{}}],"line":587},"47":{"loc":{"start":{"line":587,"column":20},"end":{"line":587,"column":68}},"type":"binary-expr","locations":[{"start":{"line":587,"column":20},"end":{"line":587,"column":36}},{"start":{"line":587,"column":40},"end":{"line":587,"column":68}}],"line":587},"48":{"loc":{"start":{"line":593,"column":16},"end":{"line":598,"column":17}},"type":"if","locations":[{"start":{"line":593,"column":16},"end":{"line":598,"column":17}},{"start":{},"end":{}}],"line":593},"49":{"loc":{"start":{"line":595,"column":20},"end":{"line":597,"column":21}},"type":"if","locations":[{"start":{"line":595,"column":20},"end":{"line":597,"column":21}},{"start":{},"end":{}}],"line":595},"50":{"loc":{"start":{"line":606,"column":27},"end":{"line":606,"column":47}},"type":"binary-expr","locations":[{"start":{"line":606,"column":27},"end":{"line":606,"column":42}},{"start":{"line":606,"column":46},"end":{"line":606,"column":47}}],"line":606},"51":{"loc":{"start":{"line":608,"column":16},"end":{"line":610,"column":17}},"type":"if","locations":[{"start":{"line":608,"column":16},"end":{"line":610,"column":17}},{"start":{},"end":{}}],"line":608},"52":{"loc":{"start":{"line":612,"column":16},"end":{"line":614,"column":17}},"type":"if","locations":[{"start":{"line":612,"column":16},"end":{"line":614,"column":17}},{"start":{},"end":{}}],"line":612},"53":{"loc":{"start":{"line":622,"column":31},"end":{"line":622,"column":53}},"type":"binary-expr","locations":[{"start":{"line":622,"column":31},"end":{"line":622,"column":48}},{"start":{"line":622,"column":52},"end":{"line":622,"column":53}}],"line":622},"54":{"loc":{"start":{"line":624,"column":16},"end":{"line":626,"column":17}},"type":"if","locations":[{"start":{"line":624,"column":16},"end":{"line":626,"column":17}},{"start":{},"end":{}}],"line":624},"55":{"loc":{"start":{"line":630,"column":16},"end":{"line":632,"column":17}},"type":"if","locations":[{"start":{"line":630,"column":16},"end":{"line":632,"column":17}},{"start":{},"end":{}}],"line":630},"56":{"loc":{"start":{"line":630,"column":20},"end":{"line":630,"column":65}},"type":"binary-expr","locations":[{"start":{"line":630,"column":20},"end":{"line":630,"column":35}},{"start":{"line":630,"column":39},"end":{"line":630,"column":65}}],"line":630},"57":{"loc":{"start":{"line":640,"column":31},"end":{"line":640,"column":53}},"type":"binary-expr","locations":[{"start":{"line":640,"column":31},"end":{"line":640,"column":48}},{"start":{"line":640,"column":52},"end":{"line":640,"column":53}}],"line":640},"58":{"loc":{"start":{"line":642,"column":16},"end":{"line":644,"column":17}},"type":"if","locations":[{"start":{"line":642,"column":16},"end":{"line":644,"column":17}},{"start":{},"end":{}}],"line":642},"59":{"loc":{"start":{"line":651,"column":31},"end":{"line":651,"column":53}},"type":"binary-expr","locations":[{"start":{"line":651,"column":31},"end":{"line":651,"column":48}},{"start":{"line":651,"column":52},"end":{"line":651,"column":53}}],"line":651},"60":{"loc":{"start":{"line":657,"column":16},"end":{"line":659,"column":17}},"type":"if","locations":[{"start":{"line":657,"column":16},"end":{"line":659,"column":17}},{"start":{},"end":{}}],"line":657},"61":{"loc":{"start":{"line":671,"column":8},"end":{"line":674,"column":9}},"type":"if","locations":[{"start":{"line":671,"column":8},"end":{"line":674,"column":9}},{"start":{},"end":{}}],"line":671},"62":{"loc":{"start":{"line":682,"column":8},"end":{"line":684,"column":9}},"type":"if","locations":[{"start":{"line":682,"column":8},"end":{"line":684,"column":9}},{"start":{},"end":{}}],"line":682},"63":{"loc":{"start":{"line":682,"column":12},"end":{"line":682,"column":35}},"type":"binary-expr","locations":[{"start":{"line":682,"column":12},"end":{"line":682,"column":21}},{"start":{"line":682,"column":25},"end":{"line":682,"column":35}}],"line":682},"64":{"loc":{"start":{"line":686,"column":8},"end":{"line":688,"column":9}},"type":"if","locations":[{"start":{"line":686,"column":8},"end":{"line":688,"column":9}},{"start":{},"end":{}}],"line":686},"65":{"loc":{"start":{"line":686,"column":12},"end":{"line":686,"column":31}},"type":"binary-expr","locations":[{"start":{"line":686,"column":12},"end":{"line":686,"column":19}},{"start":{"line":686,"column":23},"end":{"line":686,"column":31}}],"line":686},"66":{"loc":{"start":{"line":691,"column":8},"end":{"line":693,"column":9}},"type":"if","locations":[{"start":{"line":691,"column":8},"end":{"line":693,"column":9}},{"start":{},"end":{}}],"line":691},"67":{"loc":{"start":{"line":706,"column":12},"end":{"line":711,"column":13}},"type":"if","locations":[{"start":{"line":706,"column":12},"end":{"line":711,"column":13}},{"start":{},"end":{}}],"line":706},"68":{"loc":{"start":{"line":708,"column":16},"end":{"line":710,"column":17}},"type":"if","locations":[{"start":{"line":708,"column":16},"end":{"line":710,"column":17}},{"start":{},"end":{}}],"line":708},"69":{"loc":{"start":{"line":730,"column":26},"end":{"line":730,"column":82}},"type":"binary-expr","locations":[{"start":{"line":730,"column":26},"end":{"line":730,"column":77}},{"start":{"line":730,"column":81},"end":{"line":730,"column":82}}],"line":730},"70":{"loc":{"start":{"line":737,"column":24},"end":{"line":737,"column":82}},"type":"binary-expr","locations":[{"start":{"line":737,"column":24},"end":{"line":737,"column":77}},{"start":{"line":737,"column":81},"end":{"line":737,"column":82}}],"line":737},"71":{"loc":{"start":{"line":738,"column":26},"end":{"line":738,"column":86}},"type":"binary-expr","locations":[{"start":{"line":738,"column":26},"end":{"line":738,"column":81}},{"start":{"line":738,"column":85},"end":{"line":738,"column":86}}],"line":738},"72":{"loc":{"start":{"line":739,"column":34},"end":{"line":739,"column":102}},"type":"binary-expr","locations":[{"start":{"line":739,"column":34},"end":{"line":739,"column":97}},{"start":{"line":739,"column":101},"end":{"line":739,"column":102}}],"line":739},"73":{"loc":{"start":{"line":746,"column":27},"end":{"line":746,"column":94}},"type":"binary-expr","locations":[{"start":{"line":746,"column":27},"end":{"line":746,"column":89}},{"start":{"line":746,"column":93},"end":{"line":746,"column":94}}],"line":746},"74":{"loc":{"start":{"line":747,"column":24},"end":{"line":747,"column":82}},"type":"binary-expr","locations":[{"st
[...]
4},"end":{"line":87,"column":7}},"line":79},"11":{"name":"(anonymous_11)","decl":{"start":{"line":93,"column":2},"end":{"line":93,"column":3}},"loc":{"start":{"line":93,"column":28},"end":{"line":95,"column":3}},"line":93},"12":{"name":"(anonymous_12)","decl":{"start":{"line":94,"column":33},"end":{"line":94,"column":34}},"loc":{"start":{"line":94,"column":45},"end":{"line":94,"column":59}},"line":94},"13":{"name":"(anonymous_13)","decl":{"start":{"line":98,"column":46},"end":{"line":98,"column":47}},"loc":{"start":{"line":98,"column":52},"end":{"line":100,"column":1}},"line":98}},"branchMap":{"0":{"loc":{"start":{"line":4,"column":27},"end":{"line":4,"column":67}},"type":"binary-expr","locations":[{"start":{"line":4,"column":27},"end":{"line":4,"column":59}},{"start":{"line":4,"column":63},"end":{"line":4,"column":67}}],"line":4},"1":{"loc":{"start":{"line":14,"column":21},"end":{"line":14,"column":91}},"type":"binary-expr","locations":[{"start":{"line":14,"column":21},"end":{"line":14,"column":58}},{"start":{"line":14,"column":62},"end":{"line":14,"column":91}}],"line":14},"2":{"loc":{"start":{"line":23,"column":4},"end":{"line":23,"column":50}},"type":"if","locations":[{"start":{"line":23,"column":4},"end":{"line":23,"column":50}},{"start":{},"end":{}}],"line":23},"3":{"loc":{"start":{"line":72,"column":8},"end":{"line":75,"column":9}},"type":"if","locations":[{"start":{"line":72,"column":8},"end":{"line":75,"column":9}},{"start":{},"end":{}}],"line":72},"4":{"loc":{"start":{"line":82,"column":8},"end":{"line":86,"column":9}},"type":"if","locations":[{"start":{"line":82,"column":8},"end":{"line":86,"column":9}},{"start":{},"end":{}}],"line":82},"5":{"loc":{"start":{"line":94,"column":11},"end":{"line":94,"column":86}},"type":"binary-expr","locations":[{"start":{"line":94,"column":11},"end":{"line":94,"column":79}},{"start":{"line":94,"column":83},"end":{"line":94,"column":86}}],"line":94},"6":{"loc":{"start":{"line":94,"column":46},"end":{"line":94,"column":55}},"type":"binary-expr","locations":[{"start":{"line":94,"column":46},"end":{"line":94,"column":49}},{"start":{"line":94,"column":53},"end":{"line":94,"column":55}}],"line":94}},"s":{"0":0,"1":0,"2":0,"3":0,"4":0,"5":0,"6":0,"7":0,"8":0,"9":0,"10":0,"11":0,"12":0,"13":0,"14":0,"15":0,"16":0,"17":0,"18":0,"19":0,"20":0,"21":0,"22":0,"23":0,"24":0,"25":0,"26":0,"27":0,"28":0,"29":0,"30":0,"31":0,"32":0,"33":0,"34":0,"35":0,"36":0,"37":0,"38":0,"39":0,"40":0,"41":0,"42":0,"43":0,"44":0,"45":0,"46":0,"47":0,"48":0},"f":{"0":0,"1":0,"2":0,"3":0,"4":0,"5":0,"6":0,"7":0,"8":0,"9":0,"10":0,"11":0,"12":0,"13":0},"b":{"0":[0,0],"1":[0,0],"2":[0,0],"3":[0,0],"4":[0,0],"5":[0,0],"6":[0,0]}}
,"/home/ubuntu/TaxEasyZA2025_Fixed_Production_Ready/TaxEasy_ZA_2025_POPIA_Compliant/public/js/privacy/secure-forms.js": {"path":"/home/ubuntu/TaxEasyZA2025_Fixed_Production_Ready/TaxEasy_ZA_2025_POPIA_Compliant/public/js/privacy/secure-forms.js","statementMap":{"0":{"start":{"line":4,"column":4},"end":{"line":4,"column":128}},"1":{"start":{"line":5,"column":4},"end":{"line":5,"column":16}},"2":{"start":{"line":9,"column":4},"end":{"line":9,"column":29}},"3":{"start":{"line":10,"column":4},"end":{"line":10,"column":29}},"4":{"start":{"line":14,"column":4},"end":{"line":24,"column":7}},"5":{"start":{"line":15,"column":20},"end":{"line":15,"column":52}},"6":{"start":{"line":16,"column":6},"end":{"line":23,"column":7}},"7":{"start":{"line":17,"column":26},"end":{"line":17,"column":56}},"8":{"start":{"line":18,"column":8},"end":{"line":18,"column":87}},"9":{"start":{"line":19,"column":8},"end":{"line":19,"column":35}},"10":{"start":{"line":21,"column":22},"end":{"line":21,"column":61}},"11":{"start":{"line":22,"column":8},"end":{"line":22,"column":48}},"12":{"start":{"line":22,"column":19},"end":{"line":22,"column":48}},"13":{"start":{"line":28,"column":4},"end":{"line":32,"column":7}},"14":{"start":{"line":29,"column":6},"end":{"line":31,"column":7}},"15":{"start":{"line":30,"column":8},"end":{"line":30,"column":36}},"16":{"start":{"line":36,"column":4},"end":{"line":39,"column":7}},"17":{"start":{"line":37,"column":20},"end":{"line":37,"column":52}},"18":{"start":{"line":38,"column":6},"end":{"line":38,"column":34}},"19":{"start":{"line":38,"column":17},"end":{"line":38,"column":34}},"20":{"start":{"line":43,"column":0},"end":{"line":45,"column":3}},"21":{"start":{"line":44,"column":2},"end":{"line":44,"column":26}}},"fnMap":{"0":{"name":"(anonymous_0)","decl":{"start":{"line":3,"column":2},"end":{"line":3,"column":3}},"loc":{"start":{"line":3,"column":16},"end":{"line":6,"column":3}},"line":3},"1":{"name":"(anonymous_1)","decl":{"start":{"line":8,"column":2},"end":{"line":8,"column":3}},"loc":{"start":{"line":8,"column":9},"end":{"line":11,"column":3}},"line":8},"2":{"name":"(anonymous_2)","decl":{"start":{"line":13,"column":2},"end":{"line":13,"column":3}},"loc":{"start":{"line":13,"column":22},"end":{"line":25,"column":3}},"line":13},"3":{"name":"(anonymous_3)","decl":{"start":{"line":14,"column":33},"end":{"line":14,"column":34}},"loc":{"start":{"line":14,"column":44},"end":{"line":24,"column":5}},"line":14},"4":{"name":"(anonymous_4)","decl":{"start":{"line":27,"column":2},"end":{"line":27,"column":3}},"loc":{"start":{"line":27,"column":22},"end":{"line":33,"column":3}},"line":27},"5":{"name":"(anonymous_5)","decl":{"start":{"line":28,"column":50},"end":{"line":28,"column":51}},"loc":{"start":{"line":28,"column":56},"end":{"line":32,"column":5}},"line":28},"6":{"name":"(anonymous_6)","decl":{"start":{"line":35,"column":2},"end":{"line":35,"column":3}},"loc":{"start":{"line":35,"column":25},"end":{"line":40,"column":3}},"line":35},"7":{"name":"(anonymous_7)","decl":{"start":{"line":36,"column":33},"end":{"line":36,"column":34}},"loc":{"start":{"line":36,"column":44},"end":{"line":39,"column":5}},"line":36},"8":{"name":"(anonymous_8)","decl":{"start":{"line":43,"column":46},"end":{"line":43,"column":47}},"loc":{"start":{"line":43,"column":52},"end":{"line":45,"column":1}},"line":43}},"branchMap":{"0":{"loc":{"start":{"line":16,"column":6},"end":{"line":23,"column":7}},"type":"if","locations":[{"start":{"line":16,"column":6},"end":{"line":23,"column":7}},{"start":{},"end":{}}],"line":16},"1":{"loc":{"start":{"line":22,"column":8},"end":{"line":22,"column":48}},"type":"if","locations":[{"start":{"line":22,"column":8},"end":{"line":22,"column":48}},{"start":{},"end":{}}],"line":22},"2":{"loc":{"start":{"line":29,"column":6},"end":{"line":31,"column":7}},"type":"if","locations":[{"start":{"line":29,"column":6},"end":{"line":31,"column":7}},{"start":{},"end":{}}],"line":29},"3":{"loc":{"start":{"line":38,"column":6},"end":{"line":38,"column":34}},"type":"if","locations":[{"start":{"line":38,"column":6},"end":{"line":38,"column":34}},{"start":{},"end":{}}],"line":38}},"s":{"0":0,"1":0,"2":0,"3":0,"4":0,"5":0,"6":0,"7":0,"8":0,"9":0,"10":0,"11":0,"12":0,"13":0,"14":0,"15":0,"16":0,"17":0,"18":0,"19":0,"20":0,"21":0},"f":{"0":0,"1":0,"2":0,"3":0,"4":0,"5":0,"6":0,"7":0,"8":0},"b":{"0":[0,0],"1":[0,0],"2":[0,0],"3":[0,0]}}
,"/home/ubuntu/TaxEasyZA2025_Fixed_Production_Ready/TaxEasy_ZA_2025_POPIA_Compliant/public/js/privacy/session-manager.js": {"path":"/home/ubuntu/TaxEasyZA2025_Fixed_Production_Ready/TaxEasy_ZA_2025_POPIA_Compliant/public/js/privacy/session-manager.js","statementMap":{"0":{"start":{"line":4,"column":4},"end":{"line":10,"column":6}},"1":{"start":{"line":12,"column":4},"end":{"line":12,"column":33}},"2":{"start":{"line":13,"column":4},"end":{"line":13,"column":28}},"3":{"start":{"line":14,"column":4},"end":{"line":14,"column":39}},"4":{"start":{"line":15,"column":4},"end":{"line":15,"column":29}},"5":{"start":{"line":16,"column":4},"end":{"line":16,"column":35}},"6":{"start":{"line":18,"column":4},"end":{"line":18,"column":16}},"7":{"start":{"line":22,"column":4},"end":{"line":22,"column":32}},"8":{"start":{"line":23,"column":4},"end":{"line":23,"column":36}},"9":{"start":{"line":24,"column":4},"end":{"line":24,"column":37}},"10":{"start":{"line":25,"column":4},"end":{"line":25,"column":32}},"11":{"start":{"line":26,"column":4},"end":{"line":26,"column":34}},"12":{"start":{"line":27,"column":4},"end":{"line":27,"column":32}},"13":{"start":{"line":29,"column":4},"end":{"line":29,"column":63}},"14":{"start":{"line":33,"column":22},"end":{"line":33,"column":52}},"15":{"start":{"line":34,"column":25},"end":{"line":34,"column":35}},"16":{"start":{"line":36,"column":20},"end":{"line":44,"column":5}},"17":{"start":{"line":46,"column":4},"end":{"line":46,"column":45}},"18":{"start":{"line":47,"column":4},"end":{"line":47,"column":38}},"19":{"start":{"line":48,"column":4},"end":{"line":48,"column":30}},"20":{"start":{"line":50,"column":4},"end":{"line":50,"column":56}},"21":{"start":{"line":51,"column":4},"end":{"line":51,"column":21}},"22":{"start":{"line":55,"column":20},"end":{"line":55,"column":51}},"23":{"start":{"line":56,"column":4},"end":{"line":56,"column":25}},"24":{"start":{"line":56,"column":18},"end":{"line":56,"column":25}},"25":{"start":{"line":58,"column":4},"end":{"line":58,"column":45}},"26":{"start":{"line":59,"column":4},"end":{"line":59,"column":26}},"27":{"start":{"line":60,"column":4},"end":{"line":60,"column":28}},"28":{"start":{"line":61,"column":4},"end":{"line":61,"column":29}},"29":{"start":{"line":63,"column":4},"end":{"line":67,"column":7}},"30":{"start":{"line":69,"column":4},"end":{"line":69,"column":39}},"31":{"start":{"line":73,"column":4},"end":{"line":73,"column":29}},"32":{"start":{"line":74,"column":4},"end":{"line":74,"column":31}},"33":{"start":{"line":75,"column":4},"end":{"line":75,"column":24}},"34":{"start":{"line":76,"column":4},"end":{"line":76,"column":25}},"35":{"start":{"line":77,"column":4},"end":{"line":77,"column":33}},"36":{"start":{"line":81,"column":4},"end":{"line":93,"column":5}},"37":{"start":{"line":82,"column":19},"end":{"line":82,"column":44}},"38":{"start":{"line":83,"column":22},"end":{"line":88,"column":7}},"39":{"start":{"line":84,"column":8},"end":{"line":87,"column":28}},"40":{"start":{"line":90,"column":6},"end":{"line":90,"column":59}},"41":{"start":{"line":90,"column":29},"end":{"line":90,"column":57}},"42":{"start":{"line":92,"column":6},"end":{"line":92,"column":59}},"43":{"start":{"line":97,"column":4},"end":{"line":101,"column":5}},"44":{"start":{"line":98,"column":6},"end":{"line":98,"column":29}},"45":{"start":{"line":100,"column":6},"end":{"line":100,"column":61}},"46":{"start":{"line":105,"column":4},"end":{"line":112,"column":5}},"47":{"start":{"line":106,"column":6},"end":{"line":109,"column":9}},"48":{"start":{"line":107,"column":23},"end":{"line":107,"column":40}},"49":{"start":{"line":108,"column":8},"end":{"line":108,"column":91}},"50":{"start":{"line":111,"column":6},"end":{"line":111,"column":54}},"51":{"start":{"line":116,"column":4},"end":{"line":122,"column":7}},"52":{"start":{"line":117,"column":6},"end":{"line":121,"column":7}},"53":{"start":{"line":118,"column":8},"end":{"line":118,"column":32}},"54":{"start":{"line":120,"column":8},"end":{"line":120,"column":27}},"55":{"start":{"line":126,"column":4},"end":{"line":126,"column":52}},"56":{"start":{"line":126,"column":23},"end":{"line":126,"column":52}},"57":{"start":{"line":127,"column":4},"end":{"line":127,"column":58}},"58":{"start":{"line":127,"column":26},"end":{"line":127,"column":58}},"59":{"start":{"line":131,"column":4},"end":{"line":131,"column":63}},"60":{"start":{"line":131,"column":56},"end":{"line":131,"column":63}},"61":{"start":{"line":133,"column":18},"end":{"line":133,"column":47}},"62":{"start":{"line":134,"column":4},"end":{"line":134,"column":44}},"63":{"start":{"line":135,"column":4},"end":{"line":146,"column":6}},"64":{"start":{"line":148,"column":4},"end":{"line":169,"column":6}},"65":{"start":{"line":171,"column":29},"end":{"line":171,"column":68}},"66":{"start":{"line":172,"column":25},"end":{"line":172,"column":62}},"67":{"start":{"line":174,"column":4},"end":{"line":176,"column":7}},"68":{"start":{"line":175,"column":6},"end":{"line":175,"column":56}},"69":{"start":{"line":178,"column":4},"end":{"line":182,"column":7}},"70":{"start":{"line":179,"column":6},"end":{"line":179,"column":51}},"71":{"start":{"line":180,"column":6},"end":{"line":180,"column":21}},"72":{"start":{"line":181,"column":6},"end":{"line":181,"column":63}},"73":{"start":{"line":184,"column":4},"end":{"line":184,"column":37}},"74":{"start":{"line":188,"column":19},"end":{"line":188,"column":48}},"75":{"start":{"line":189,"column":4},"end":{"line":200,"column":6}},"76":{"start":{"line":201,"column":4},"end":{"line":201,"column":85}},"77":{"start":{"line":202,"column":4},"end":{"line":202,"column":38}},"78":{"start":{"line":206,"column":18},"end":{"line":206,"column":76}},"79":{"start":{"line":207,"column":4},"end":{"line":207,"column":34}},"80":{"start":{"line":211,"column":0},"end":{"line":214,"column":3}},"81":{"start":{"line":212,"column":2},"end":{"line":212,"column":61}},"82":{"start":{"line":213,"column":2},"end":{"line":213,"column":39}},"83":{"start":{"line":216,"column":0},"end":{"line":220,"column":3}},"84":{"start":{"line":217,"column":2},"end":{"line":219,"column":3}},"85":{"start":{"line":218,"column":4},"end":{"line":218,"column":52}}},"fnMap":{"0":{"name":"(anonymous_0)","decl":{"start":{"line":3,"column":2},"end":{"line":3,"column":3}},"loc":{"start":{"line":3,"column":16},"end":{"line":19,"column":3}},"line":3},"1":{"name":"(anonymous_1)","decl":{"start":{"line":21,"column":2},"end":{"line":21,"column":3}},"loc":{"start":{"line":21,"column":9},"end":{"line":30,"column":3}},"line":21},"2":{"name":"(anonymous_2)","decl":{"start":{"line":32,"column":2},"end":{"line":32,"column":3}},"loc":{"start":{"line":32,"column":17},"end":{"line":52,"column":3}},"line":32},"3":{"name":"(anonymous_3)","decl":{"start":{"line":54,"column":2},"end":{"line":54,"column":3}},"loc":{"start":{"line":54,"column":40},"end":{"line":70,"column":3}},"line":54},"4":{"name":"(anonymous_4)","decl":{"start":{"line":72,"column":2},"end":{"line":72,"column":3}},"loc":{"start":{"line":72,"column":21},"end":{"line":78,"column":3}},"line":72},"5":{"name":"(anonymous_5)","decl":{"start":{"line":80,"column":2},"end":{"line":80,"column":3}},"loc":{"start":{"line":80,"column":22},"end":{"line":94,"column":3}},"line":80},"6":{"name":"(anonymous_6)","decl":{"start":{"line":83,"column":34},"end":{"line":83,"column":35}},"loc":{"start":{"line":84,"column":8},"end":{"line":87,"column":28}},"line":84},"7":{"name":"(anonymous_7)","decl":{"start":{"line":90,"column":22},"end":{"line":90,"column":23}},"loc":{"start":{"line":90,"column":29},"end":{"line":90,"column":57}},"line":90},"8":{"name":"(anonymous_8)","decl":{"start":{"line":96,"column":2},"end":{"line":96,"column":3}},"loc":{"start":{"line":96,"column":24},"end":{"line":102,"column":3}},"line":96},"9":{"name":"(anonymous_9)","decl":{"start":{"line":104,"column":2},"end":{"line":104,"column":3}},"loc":{"start":{"line":104,"column":17},"end":{"line":113,"column":3}},"line":104},"10":{"name":"(anonymous_10)","decl":{"start":{"line":106,"column":41},"end":{"line":106,"column":42}},"loc":{"start":{"line":106,"column":51},"end":{"line":109,"column":7}},"line":106},"11":{"name":"(anonymous_11)","decl":{"start":{"line":115,"column":2},"end":{"line":115,"column":3}},"loc":{"start":{"line":115,"column":18},"end":{"line":123,"column":3}},"line":115},"12":{"name":"(anonymous_12)","decl":{"start":{"line":116,"column":65},"end":{"line":116,"column":66}},"loc":{"start":{"line":116,"column":76},"end":{"line":122,"column":5}},"line":116},"13":{"name":"(anonymous_13)","decl":{"start":{"line":125,"column":2},"end":{"line":125,"column":3}},"loc":{"start":{"line":125,"column":26},"end":{"line":128,"column":3}},"line":125},"14":{"name":"(anonymous_14)","decl":{"start":{"line":130,"column":2},"end":{"line":130,"column":3}},"loc":{"start":{"line":130,"column":23},"end":{"line":185,"column":3}},"line":130},"15":{"name":"(anonymous_15)","decl":{"start":{"line":174,"column":48},"end":{"line":174,"column":49}},"loc":{"start":{"line":174,"column":54},"end":{"line":176,"column":5}},"line":174},"16":{"name":"(anonymous_16)","decl":{"start":{"line":178,"column":43},"end":{"line":178,"column":44}},"loc":{"start":{"line":178,"column":49},"end":{"line":182,"column":5}},"line":178},"17":{"name":"(anonymous_17)","decl":{"start":{"line":187,"column":2},"end":{"line":187,"column":3}},"loc":{"start":{"line":187,"column":25},"end":{"line":203,"column":3}},"line":187},"18":{"name":"(anonymous_18)","decl":{"start":{"line":205,"column":2},"end":{"line":205,"column":3}},"loc":{"start":{"line":205,"column":35},"end":{"line":208,"column":3}},"line":205},"19":{"name":"(anonymous_19)","decl":{"start":{"line":211,"column":46},"end":{"line":211,"column":47}},"loc":{"start":{"line":211,"column":52},"end":{"line":214,"column":1}},"line":211},"20":{"name":"(anonymous_20)","decl":{"start":{"line":216,"column":40},"end":{"line":216,"column":41}},"loc":{"start":{"line":216,"column":46},"end":{"line":220,"column":1}},"line":216}},"branchMap":{"0":{"loc":{"start":{"line":54,"column":13},"end":{"line":54,"column":38}},"type":"default-arg","locations":[{"start":{"line":54,"column":22},"end":{"line":54,"column":38}}],"line":54},"1":{"loc":{"start":{"line":56,"column":4},"end":{"line":56,"column":25}},"type":"if","locations":[{"start":{"line":56,"column":4},"end":{"line":56,"column":25}},{"start":{},"end":{}}],"line":56},"2":{"loc":{"start":{"line":84,"column":8},"end":{"line":87,"column":28}},"type":"binary-expr","locations":[{"start":{"line":84,"column":8},"end":{"line":84,"column":27}},{"start":{"line":85,"column":8},"end":{"line":85,"column":28}},{"start":{"line":86,"column":8},"end":{"line":86,"column":28}},{"start":{"line":87,"column":8},"end":{"line":87,"column":28}}],"line":84},"3":{"loc":{"start":{"line":117,"column":6},"end":{"line":121,"column":7}},"type":"if","locations":[{"start":{"line":117,"column":6},"end":{"line":121,"column":7}},{"start":{"line":119,"column":13},"end":{"line":121,"column":7}}],"line":117},"4":{"loc":{"start":{"line":117,"column":10},"end":{"line":117,"column":65}},"type":"binary-expr","locations":[{"start":{"line":117,"column":10},"end":{"line":117,"column":37}},{"start":{"line":117,"column":41},"end":{"line":117,"column":65}}],"line":117},"5":{"loc":{"start":{"line":126,"column":4},"end":{"line":126,"column":52}},"type":"if","locations":[{"start":{"line":126,"column":4},"end":{"line":126,"column":52}},{"start":{},"end":{}}],"line":126},"6":{"loc":{"start":{"line":127,"column":4},"end":{"line":127,"column":58}},"type":"if","locations":[{"start":{"line":127,"column":4},"end":{"line":127,"column":58}},{"start":{},"end":{}}],"line":127},"7":{"loc":{"start":{"line":131,"column":4},"end":{"line":131,"column":63}},"type":"if","locations":[{"start":{"line":131,"column":4},"end":{"line":131,"column":63}},{"start":{},"end":{}}],"line":131},"8":{"loc":{"start":{"line":217,"column":2},"end":{"line":219,"column":3}},"type":"if","locations":[{"start":{"line":217,"column":2},"end":{"line":219,"column":3}},{"start":{},"end":{}}],"line":217}},"s":{"0":0,"1":0,"2":0,"3":0,"4":0,"5":0,"6":0,"7":0,"8":0,"9":0,"10":0,"11":0,"12":0,"13":0,"14":0,"15":0,"16":0,"17":0,"18":0,"19":0,"20":0,"21":0,"22":0,"23":0,"24":0,"25":0,"26":0,"27":0,"28":0,"29":0,"30":0,"31":0,"32":0,"33":0,"34":0,"35":0,"36":0,"37":0,"38":0,"39":0,"40":0,"41":0,"42":0,"43":0,"44":0,"45":0,"46":0,"47":0,"48":0,"49":0,"50":0,"51":0,"52":0,"53":0,"54":0,"55":0,"56":0,"57":0,"58":0,"59":0,"60":0,"61":0,"62":0,"63":0,"64":0,"65":0,"66":0,"67":0,"68":0,"69":0,"70":0,"71":0,"72":0,"73":0,"74":0,"75":0,"76":0,"77":0,"78":0,"79":0,"80":0,"81":0,"82":0,"83":0,"84":0,"85":0},"f":{"0":0,"1":0,"2":0,"3":0,"4":0,"5":0,"6":0,"7":0,"8":0,"9":0,"10":0,"11":0,"12":0,"13":0,"14":0,"15":0,"16":0,"17":0,"18":0,"19":0,"20":0},"b":{"0":[0],"1":[0,0],"2":[0,0,0,0],"3":[0,0],"4":[0,0],"5":[0,0],"6":[0,0],"7":[0,0],"8":[0,0]}}
}
